#
# A fatal error has been detected by the Java Runtime Environment:
#
#  EXCEPTION_ACCESS_VIOLATION (0xc0000005) at pc=0x00007fffee90d78a, pid=44112, tid=0x000000000000a750
#
# JRE version: Java(TM) SE Runtime Environment (8.0_202-b08) (build 1.8.0_202-b08)
# Java VM: Java HotSpot(TM) 64-Bit Server VM (25.202-b08 mixed mode windows-amd64 compressed oops)
# Problematic frame:
# C  [tennis.dll+0xfd78a]
#
# Failed to write core dump. Minidumps are not enabled by default on client versions of Windows
#
# If you would like to submit a bug report, please visit:
#   http://bugreport.java.com/bugreport/crash.jsp
# The crash happened outside the Java Virtual Machine in native code.
# See problematic frame for where to report the bug.
#

---------------  T H R E A D  ---------------

Current thread (0x00000000348a4000):  JavaThread "pool-1-thread-5" [_thread_in_native, id=42832, stack(0x0000000036670000,0x0000000036770000)]

siginfo: ExceptionCode=0xc0000005, reading address 0x0000000000000010

Registers:
RAX=0x0000000035a2a2c0, RBX=0x0000000000000000, RCX=0x0000000000000002, RDX=0x000000003676d970
RSP=0x000000003676d740, RBP=0x000000003676d840, RSI=0x00000000359da8d0, RDI=0x00000000ffffffff
R8 =0x0000000000000001, R9 =0x00000000359daa60, R10=0x0000000000000000, R11=0x000000003676d730
R12=0x00000000ffffffff, R13=0x000000003676e9c0, R14=0x00000000361cf400, R15=0x00000000359da8d0
RIP=0x00007fffee90d78a, EFLAGS=0x0000000000010202

Top of Stack: (sp=0x000000003676d740)
0x000000003676d740:   0000000035a32660 0000000000000000
0x000000003676d750:   000000003676d840 00000000359da8d0
0x000000003676d760:   0000000000000001 0000000000000001
0x000000003676d770:   000000003676e030 00000000ffffffff
0x000000003676d780:   0000000000000000 0000000000000000
0x000000003676d790:   0000000000000000 0000000000000000
0x000000003676d7a0:   0000000000000000 0000000000000000
0x000000003676d7b0:   0000000000000000 0000000000000000
0x000000003676d7c0:   0000000000000000 0000000000000000
0x000000003676d7d0:   0000000000000004 0000000068000000
0x000000003676d7e0:   00000000359daa60 00000000008e5b70
0x000000003676d7f0:   0000000000000000 00000000033df789
0x000000003676d800:   0000000000000020 0000000000000293
0x000000003676d810:   0000000000000004 00000000690ca490
0x000000003676d820:   0000000000000050 0000000000000050
0x000000003676d830:   0000000000000000 00000000691c8d17 

Instructions: (pc=0x00007fffee90d78a)
0x00007fffee90d76a:   8b d0 48 8b 00 48 85 c0 74 03 48 8b 00 48 8b 48
0x00007fffee90d77a:   10 48 ff c9 48 23 4a 10 48 8b 40 08 48 8b 1c c8
0x00007fffee90d78a:   48 8b 53 10 48 3b 53 18 73 1a 48 8b 0b e8 74 42
0x00007fffee90d79a:   ff ff 48 ff 43 10 48 8b 08 48 8b 01 48 8b d6 ff 


Register to memory mapping:

RAX=0x0000000035a2a2c0 is an unknown value
RBX=0x0000000000000000 is an unknown value
RCX=0x0000000000000002 is an unknown value
RDX=0x000000003676d970 is pointing into the stack for thread: 0x00000000348a4000
RSP=0x000000003676d740 is pointing into the stack for thread: 0x00000000348a4000
RBP=0x000000003676d840 is pointing into the stack for thread: 0x00000000348a4000
RSI=0x00000000359da8d0 is an unknown value
RDI=0x00000000ffffffff is an unknown value
R8 =0x0000000000000001 is an unknown value
R9 =0x00000000359daa60 is an unknown value
R10=0x0000000000000000 is an unknown value
R11=0x000000003676d730 is pointing into the stack for thread: 0x00000000348a4000
R12=0x00000000ffffffff is an unknown value
R13=0x000000003676e9c0 is pointing into the stack for thread: 0x00000000348a4000
R14=0x00000000361cf400 is an unknown value
R15=0x00000000359da8d0 is an unknown value


Stack: [0x0000000036670000,0x0000000036770000],  sp=0x000000003676d740,  free space=1013k
Native frames: (J=compiled Java code, j=interpreted, Vv=VM code, C=native code)
C  [tennis.dll+0xfd78a]
C  [tennis.dll+0xfd656]
C  [tennis.dll+0xfc931]
C  [tennis.dll+0xfe814]
C  [tennis.dll+0x1ef25]
C  [SeetaFaceDetector600.dll+0x9b5a]
C  [SeetaFaceDetector600.dll+0x9891]
C  [FaceBoxesJNI.dll+0x21e4]
C  0x0000000002fb8627

Java frames: (J=compiled Java code, j=interpreted, Vv=VM code)
j  com.seeta.sdk.FaceDetector.Detect(Lcom/seeta/sdk/SeetaImageData;)[Lcom/seeta/sdk/SeetaRect;+0
j  com.dhcc.tmp.Person.processImage(Ljava/io/File;Ljava/lang/String;Lcom/seeta/sdk/FaceDetector;)V+14
j  com.dhcc.tmp.Person.lambda$main$0(Ljava/io/File;Ljava/lang/String;Lcom/seeta/sdk/FaceDetector;)Ljava/lang/Void;+3
j  com.dhcc.tmp.Person$$Lambda$9.call()Ljava/lang/Object;+12
j  java.util.concurrent.FutureTask.run()V+42
j  java.util.concurrent.ThreadPoolExecutor.runWorker(Ljava/util/concurrent/ThreadPoolExecutor$Worker;)V+95
j  java.util.concurrent.ThreadPoolExecutor$Worker.run()V+5
j  java.lang.Thread.run()V+11
v  ~StubRoutines::call_stub

---------------  P R O C E S S  ---------------

Java Threads: ( => current thread )
  0x0000000034a07000 JavaThread "Java2D Disposer" daemon [_thread_blocked, id=26608, stack(0x00000000374d0000,0x00000000375d0000)]
=>0x00000000348a4000 JavaThread "pool-1-thread-5" [_thread_in_native, id=42832, stack(0x0000000036670000,0x0000000036770000)]
  0x00000000348a3000 JavaThread "pool-1-thread-4" [_thread_in_native, id=41952, stack(0x0000000036570000,0x0000000036670000)]
  0x00000000348a2800 JavaThread "pool-1-thread-3" [_thread_in_native, id=22304, stack(0x0000000036470000,0x0000000036570000)]
  0x00000000337a2000 JavaThread "pool-1-thread-2" [_thread_in_native, id=9340, stack(0x0000000036370000,0x0000000036470000)]
  0x00000000337a1000 JavaThread "pool-1-thread-1" [_thread_in_native, id=41668, stack(0x0000000035ab0000,0x0000000035bb0000)]
  0x000000003340c000 JavaThread "Service Thread" daemon [_thread_blocked, id=32592, stack(0x00000000345a0000,0x00000000346a0000)]
  0x000000003339d000 JavaThread "C1 CompilerThread11" daemon [_thread_blocked, id=27400, stack(0x00000000344a0000,0x00000000345a0000)]
  0x0000000033394000 JavaThread "C1 CompilerThread10" daemon [_thread_blocked, id=36824, stack(0x00000000343a0000,0x00000000344a0000)]
  0x0000000033388000 JavaThread "C1 CompilerThread9" daemon [_thread_blocked, id=26836, stack(0x00000000342a0000,0x00000000343a0000)]
  0x000000003335b000 JavaThread "C1 CompilerThread8" daemon [_thread_blocked, id=44708, stack(0x00000000341a0000,0x00000000342a0000)]
  0x000000003334a800 JavaThread "C2 CompilerThread7" daemon [_thread_blocked, id=16924, stack(0x00000000340a0000,0x00000000341a0000)]
  0x0000000033319800 JavaThread "C2 CompilerThread6" daemon [_thread_blocked, id=42580, stack(0x0000000033fa0000,0x00000000340a0000)]
  0x0000000033315000 JavaThread "C2 CompilerThread5" daemon [_thread_blocked, id=15936, stack(0x0000000033ea0000,0x0000000033fa0000)]
  0x000000003330a000 JavaThread "C2 CompilerThread4" daemon [_thread_blocked, id=10088, stack(0x0000000033da0000,0x0000000033ea0000)]
  0x00000000332fb800 JavaThread "C2 CompilerThread3" daemon [_thread_blocked, id=24708, stack(0x0000000033ca0000,0x0000000033da0000)]
  0x00000000332f5800 JavaThread "C2 CompilerThread2" daemon [_thread_blocked, id=28424, stack(0x0000000033ba0000,0x0000000033ca0000)]
  0x00000000332f5000 JavaThread "C2 CompilerThread1" daemon [_thread_blocked, id=7024, stack(0x0000000033aa0000,0x0000000033ba0000)]
  0x00000000332f2000 JavaThread "C2 CompilerThread0" daemon [_thread_blocked, id=25140, stack(0x00000000339a0000,0x0000000033aa0000)]
  0x00000000332d9000 JavaThread "Monitor Ctrl-Break" daemon [_thread_in_native, id=42444, stack(0x00000000338a0000,0x00000000339a0000)]
  0x0000000031595800 JavaThread "Attach Listener" daemon [_thread_blocked, id=42556, stack(0x0000000032fa0000,0x00000000330a0000)]
  0x000000003153e000 JavaThread "Signal Dispatcher" daemon [_thread_blocked, id=27376, stack(0x0000000032ea0000,0x0000000032fa0000)]
  0x000000002fa9a800 JavaThread "Finalizer" daemon [_thread_blocked, id=43260, stack(0x0000000032da0000,0x0000000032ea0000)]
  0x0000000031516000 JavaThread "Reference Handler" daemon [_thread_blocked, id=41940, stack(0x0000000032ca0000,0x0000000032da0000)]
  0x0000000002c52800 JavaThread "main" [_thread_blocked, id=44504, stack(0x0000000002b00000,0x0000000002c00000)]

Other Threads:
  0x000000002fa89800 VMThread [stack: 0x0000000032ba0000,0x0000000032ca0000] [id=43096]
  0x000000003353d800 WatcherThread [stack: 0x00000000347a0000,0x00000000348a0000] [id=31768]

VM state:not at safepoint (normal execution)

VM Mutex/Monitor currently owned by a thread: None

heap address: 0x00000004c1600000, size: 12266 MB, Compressed Oops mode: Zero based, Oop shift amount: 3
Narrow klass base: 0x0000000000000000, Narrow klass shift: 3
Compressed class space size: 1073741824 Address: 0x00000007c0000000

Heap:
 PSYoungGen      total 229376K, used 68775K [0x00000006c0780000, 0x00000006dc780000, 0x00000007c0000000)
  eden space 196608K, 18% used [0x00000006c0780000,0x00000006c2aad400,0x00000006cc780000)
  from space 32768K, 99% used [0x00000006cc780000,0x00000006ce77cb70,0x00000006ce780000)
  to   space 32768K, 0% used [0x00000006da780000,0x00000006da780000,0x00000006dc780000)
 ParOldGen       total 524288K, used 91507K [0x00000004c1600000, 0x00000004e1600000, 0x00000006c0780000)
  object space 524288K, 17% used [0x00000004c1600000,0x00000004c6f5cdb8,0x00000004e1600000)
 Metaspace       used 7245K, capacity 7452K, committed 7552K, reserved 1056768K
  class space    used 794K, capacity 848K, committed 896K, reserved 1048576K

Card table byte_map: [0x0000000012360000,0x0000000013b60000] byte_map_base: 0x000000000fd55000

Marking Bits: (ParMarkBitMap*) 0x00000000690d5ce0
 Begin Bits: [0x0000000015860000, 0x0000000021808000)
 End Bits:   [0x0000000021808000, 0x000000002d7b0000)

Polling page: 0x0000000002620000

CodeCache: size=245760Kb used=4387Kb max_used=4399Kb free=241372Kb
 bounds [0x0000000002fa0000, 0x00000000033f0000, 0x0000000011fa0000]
 total_blobs=991 nmethods=660 adapters=242
 compilation: enabled

Compilation events (10 events):
Event: 0.583 Thread 0x0000000033394000 nmethod 652 0x00000000033e5110 code [0x00000000033e52e0, 0x00000000033e5b98]
Event: 0.587 Thread 0x000000003339d000  656 %     3       com.seeta.sdk.util.SeetafaceUtil::getBgr @ 76 (145 bytes)
Event: 0.589 Thread 0x000000003339d000 nmethod 656% 0x00000000033e5f90 code [0x00000000033e61c0, 0x00000000033e7058]
Event: 0.589 Thread 0x000000003335b000  657       3       com.seeta.sdk.util.SeetafaceUtil::getBgr (145 bytes)
Event: 0.589 Thread 0x000000003335b000 nmethod 657 0x00000000033e7650 code [0x00000000033e7860, 0x00000000033e85d8]
Event: 0.589 Thread 0x00000000332f2000  658 %     4       com.seeta.sdk.util.SeetafaceUtil::getBgr @ 76 (145 bytes)
Event: 0.593 Thread 0x00000000332f2000 nmethod 658% 0x00000000033df7d0 code [0x00000000033df920, 0x00000000033dfc58]
Event: 0.597 Thread 0x0000000033388000  660 %     3       com.seeta.sdk.util.SeetafaceUtil::getBgr @ 76 (145 bytes)
Event: 0.598 Thread 0x0000000033388000 nmethod 660% 0x00000000033ea350 code [0x00000000033ea580, 0x00000000033eb418]
Event: 0.598 Thread 0x00000000332f5800  661 %     4       com.seeta.sdk.util.SeetafaceUtil::getBgr @ 76 (145 bytes)

GC Heap History (2 events):
Event: 0.541 GC heap before
{Heap before GC invocations=1 (full 0):
 PSYoungGen      total 229376K, used 192301K [0x00000006c0780000, 0x00000006d0780000, 0x00000007c0000000)
  eden space 196608K, 97% used [0x00000006c0780000,0x00000006cc34b4f0,0x00000006cc780000)
  from space 32768K, 0% used [0x00000006ce780000,0x00000006ce780000,0x00000006d0780000)
  to   space 32768K, 0% used [0x00000006cc780000,0x00000006cc780000,0x00000006ce780000)
 ParOldGen       total 524288K, used 0K [0x00000004c1600000, 0x00000004e1600000, 0x00000006c0780000)
  object space 524288K, 0% used [0x00000004c1600000,0x00000004c1600000,0x00000004e1600000)
 Metaspace       used 7235K, capacity 7452K, committed 7552K, reserved 1056768K
  class space    used 794K, capacity 848K, committed 896K, reserved 1048576K
Event: 0.581 GC heap after
Heap after GC invocations=1 (full 0):
 PSYoungGen      total 229376K, used 32754K [0x00000006c0780000, 0x00000006dc780000, 0x00000007c0000000)
  eden space 196608K, 0% used [0x00000006c0780000,0x00000006c0780000,0x00000006cc780000)
  from space 32768K, 99% used [0x00000006cc780000,0x00000006ce77cb70,0x00000006ce780000)
  to   space 32768K, 0% used [0x00000006da780000,0x00000006da780000,0x00000006dc780000)
 ParOldGen       total 524288K, used 91507K [0x00000004c1600000, 0x00000004e1600000, 0x00000006c0780000)
  object space 524288K, 17% used [0x00000004c1600000,0x00000004c6f5cdb8,0x00000004e1600000)
 Metaspace       used 7235K, capacity 7452K, committed 7552K, reserved 1056768K
  class space    used 794K, capacity 848K, committed 896K, reserved 1048576K
}

Deoptimization events (7 events):
Event: 0.345 Thread 0x0000000002c52800 Uncommon trap: reason=unstable_if action=reinterpret pc=0x0000000003257900 method=java.lang.CharacterData.of(I)Ljava/lang/CharacterData; @ 4
Event: 0.484 Thread 0x00000000337a1000 Uncommon trap: reason=unstable_if action=reinterpret pc=0x00000000033cea40 method=sun.awt.image.ByteInterleavedRaster.getByteData(IIII[B)[B @ 97
Event: 0.484 Thread 0x00000000348a3000 Uncommon trap: reason=unstable_if action=reinterpret pc=0x00000000033cea40 method=sun.awt.image.ByteInterleavedRaster.getByteData(IIII[B)[B @ 97
Event: 0.595 Thread 0x00000000348a4000 Uncommon trap: reason=unstable_if action=reinterpret pc=0x00000000033dfb40 method=com.seeta.sdk.util.SeetafaceUtil.getBgr(Ljava/awt/image/BufferedImage;)[B @ 79
Event: 0.597 Thread 0x00000000337a1000 Uncommon trap: reason=unstable_if action=reinterpret pc=0x00000000033dfb40 method=com.seeta.sdk.util.SeetafaceUtil.getBgr(Ljava/awt/image/BufferedImage;)[B @ 79
Event: 0.598 Thread 0x00000000348a2800 Uncommon trap: reason=unstable_if action=reinterpret pc=0x00000000033dfb40 method=com.seeta.sdk.util.SeetafaceUtil.getBgr(Ljava/awt/image/BufferedImage;)[B @ 79
Event: 0.598 Thread 0x00000000337a2000 Uncommon trap: reason=unstable_if action=reinterpret pc=0x00000000033dfb40 method=com.seeta.sdk.util.SeetafaceUtil.getBgr(Ljava/awt/image/BufferedImage;)[B @ 79

Classes redefined (0 events):
No events

Internal exceptions (10 events):
Event: 0.088 Thread 0x0000000002c52800 Exception <a 'java/security/PrivilegedActionException'> (0x00000006c08ff970) thrown at [C:\re\workspace\8-2-build-windows-amd64-cygwin\jdk8u202\12323\hotspot\src\share\vm\prims\jvm.cpp, line 1502]
Event: 0.088 Thread 0x0000000002c52800 Exception <a 'java/security/PrivilegedActionException'> (0x00000006c08ffb80) thrown at [C:\re\workspace\8-2-build-windows-amd64-cygwin\jdk8u202\12323\hotspot\src\share\vm\prims\jvm.cpp, line 1502]
Event: 0.149 Thread 0x0000000002c52800 Exception <a 'java/security/PrivilegedActionException'> (0x00000006c0b19270) thrown at [C:\re\workspace\8-2-build-windows-amd64-cygwin\jdk8u202\12323\hotspot\src\share\vm\prims\jvm.cpp, line 1502]
Event: 0.149 Thread 0x0000000002c52800 Exception <a 'java/security/PrivilegedActionException'> (0x00000006c0b19480) thrown at [C:\re\workspace\8-2-build-windows-amd64-cygwin\jdk8u202\12323\hotspot\src\share\vm\prims\jvm.cpp, line 1502]
Event: 0.150 Thread 0x0000000002c52800 Exception <a 'java/security/PrivilegedActionException'> (0x00000006c0b1d390) thrown at [C:\re\workspace\8-2-build-windows-amd64-cygwin\jdk8u202\12323\hotspot\src\share\vm\prims\jvm.cpp, line 1502]
Event: 0.150 Thread 0x0000000002c52800 Exception <a 'java/security/PrivilegedActionException'> (0x00000006c0b1d5a0) thrown at [C:\re\workspace\8-2-build-windows-amd64-cygwin\jdk8u202\12323\hotspot\src\share\vm\prims\jvm.cpp, line 1502]
Event: 0.176 Thread 0x0000000002c52800 Exception <a 'java/lang/NoSuchFieldError': method resolution failed> (0x00000006c1fb5010) thrown at [C:\re\workspace\8-2-build-windows-amd64-cygwin\jdk8u202\12323\hotspot\src\share\vm\prims\methodHandles.cpp, line 1167]
Event: 0.178 Thread 0x0000000002c52800 Exception <a 'java/lang/NoSuchFieldError': method resolution failed> (0x00000006c1fc2e88) thrown at [C:\re\workspace\8-2-build-windows-amd64-cygwin\jdk8u202\12323\hotspot\src\share\vm\prims\methodHandles.cpp, line 1167]
Event: 0.186 Thread 0x0000000002c52800 Exception <a 'java/lang/NoSuchMethodError': java.lang.Object.lambda$comparing$77a9974f$1(Ljava/util/function/Function;Ljava/lang/Object;Ljava/lang/Object;)I> (0x00000006c20684e8) thrown at [C:\re\workspace\8-2-build-windows-amd64-cygwin\jdk8u202\12323\hot
Event: 0.435 Thread 0x00000000337a1000 Exception <a 'java/io/FileNotFoundException'> (0x00000006c26d7670) thrown at [C:\re\workspace\8-2-build-windows-amd64-cygwin\jdk8u202\12323\hotspot\src\share\vm\prims\jni.cpp, line 710]

Events (10 events):
Event: 0.595 Thread 0x00000000348a4000 DEOPT UNPACKING pc=0x0000000002fe583b sp=0x000000003676ef40 mode 2
Event: 0.597 Thread 0x00000000337a1000 Uncommon trap: trap_request=0xffffff65 fr.pc=0x00000000033dfb40
Event: 0.597 Thread 0x00000000337a1000 DEOPT PACKING pc=0x00000000033dfb40 sp=0x0000000035baee70
Event: 0.597 Thread 0x00000000337a1000 DEOPT UNPACKING pc=0x0000000002fe583b sp=0x0000000035baee30 mode 2
Event: 0.598 Thread 0x00000000348a2800 Uncommon trap: trap_request=0xffffff65 fr.pc=0x00000000033dfb40
Event: 0.598 Thread 0x00000000348a2800 DEOPT PACKING pc=0x00000000033dfb40 sp=0x000000003656f070
Event: 0.598 Thread 0x00000000348a2800 DEOPT UNPACKING pc=0x0000000002fe583b sp=0x000000003656f030 mode 2
Event: 0.598 Thread 0x00000000337a2000 Uncommon trap: trap_request=0xffffff65 fr.pc=0x00000000033dfb40
Event: 0.598 Thread 0x00000000337a2000 DEOPT PACKING pc=0x00000000033dfb40 sp=0x000000003646ede0
Event: 0.598 Thread 0x00000000337a2000 DEOPT UNPACKING pc=0x0000000002fe583b sp=0x000000003646eda0 mode 2


Dynamic libraries:
0x00007ff711410000 - 0x00007ff711447000 	D:\Program Files\Java\jdk1.8.0_202\bin\java.exe
0x00007ff8add10000 - 0x00007ff8adf27000 	C:\WINDOWS\SYSTEM32\ntdll.dll
0x00007ff8ac3a0000 - 0x00007ff8ac464000 	C:\WINDOWS\System32\KERNEL32.DLL
0x00007ff8ab060000 - 0x00007ff8ab40d000 	C:\WINDOWS\System32\KERNELBASE.dll
0x00007ff8ac720000 - 0x00007ff8ac7d2000 	C:\WINDOWS\System32\ADVAPI32.dll
0x00007ff8abd80000 - 0x00007ff8abe27000 	C:\WINDOWS\System32\msvcrt.dll
0x00007ff8ac890000 - 0x00007ff8ac939000 	C:\WINDOWS\System32\sechost.dll
0x00007ff8ab030000 - 0x00007ff8ab058000 	C:\WINDOWS\System32\bcrypt.dll
0x00007ff8ac5d0000 - 0x00007ff8ac6e4000 	C:\WINDOWS\System32\RPCRT4.dll
0x00007ff8aba50000 - 0x00007ff8abbfe000 	C:\WINDOWS\System32\USER32.dll
0x00007ff8ab410000 - 0x00007ff8ab436000 	C:\WINDOWS\System32\win32u.dll
0x00007ff8ac6f0000 - 0x00007ff8ac719000 	C:\WINDOWS\System32\GDI32.dll
0x00007ff8ab620000 - 0x00007ff8ab739000 	C:\WINDOWS\System32\gdi32full.dll
0x00007ff8ab740000 - 0x00007ff8ab7da000 	C:\WINDOWS\System32\msvcp_win.dll
0x00007ff8ab440000 - 0x00007ff8ab551000 	C:\WINDOWS\System32\ucrtbase.dll
0x00007ff8906a0000 - 0x00007ff890933000 	C:\WINDOWS\WinSxS\amd64_microsoft.windows.common-controls_6595b64144ccf1df_6.0.22621.3672_none_2713b9d173822955\COMCTL32.dll
0x00007ff8abd40000 - 0x00007ff8abd71000 	C:\WINDOWS\System32\IMM32.DLL
0x0000000069160000 - 0x0000000069232000 	D:\Program Files\Java\jdk1.8.0_202\jre\bin\msvcr100.dll
0x00000000688b0000 - 0x0000000069155000 	D:\Program Files\Java\jdk1.8.0_202\jre\bin\server\jvm.dll
0x00007ff8aba40000 - 0x00007ff8aba48000 	C:\WINDOWS\System32\PSAPI.DLL
0x00007ff8a3030000 - 0x00007ff8a3039000 	C:\WINDOWS\SYSTEM32\WSOCK32.dll
0x00007ff8a7260000 - 0x00007ff8a7294000 	C:\WINDOWS\SYSTEM32\WINMM.dll
0x00007ff8a6190000 - 0x00007ff8a619a000 	C:\WINDOWS\SYSTEM32\VERSION.dll
0x00007ff8ac7e0000 - 0x00007ff8ac851000 	C:\WINDOWS\System32\WS2_32.dll
0x00007ff883050000 - 0x00007ff88305f000 	D:\Program Files\Java\jdk1.8.0_202\jre\bin\verify.dll
0x00007ff879f00000 - 0x00007ff879f29000 	D:\Program Files\Java\jdk1.8.0_202\jre\bin\java.dll
0x00007ff865d40000 - 0x00007ff865d63000 	D:\Program Files\Java\jdk1.8.0_202\jre\bin\instrument.dll
0x00007ff87df10000 - 0x00007ff87df26000 	D:\Program Files\Java\jdk1.8.0_202\jre\bin\zip.dll
0x00007ff8aca40000 - 0x00007ff8ad2a7000 	C:\WINDOWS\System32\SHELL32.dll
0x00007ff8a8f60000 - 0x00007ff8a985f000 	C:\WINDOWS\SYSTEM32\windows.storage.dll
0x00007ff8ad940000 - 0x00007ff8adcce000 	C:\WINDOWS\System32\combase.dll
0x00007ff8a8e20000 - 0x00007ff8a8f5f000 	C:\WINDOWS\SYSTEM32\wintypes.dll
0x00007ff8ac2a0000 - 0x00007ff8ac399000 	C:\WINDOWS\System32\SHCORE.dll
0x00007ff8ad2b0000 - 0x00007ff8ad30e000 	C:\WINDOWS\System32\shlwapi.dll
0x00007ff8aaf60000 - 0x00007ff8aaf87000 	C:\WINDOWS\SYSTEM32\profapi.dll
0x00007ff872420000 - 0x00007ff87243a000 	D:\Program Files\JetBrains\IntelliJ IDEA 2023.3.4\bin\breakgen64.dll
0x00007ff87ddc0000 - 0x00007ff87ddda000 	D:\Program Files\Java\jdk1.8.0_202\jre\bin\net.dll
0x00007ff89d6e0000 - 0x00007ff89d8d0000 	C:\WINDOWS\SYSTEM32\urlmon.dll
0x00007ff89a140000 - 0x00007ff89a3fe000 	C:\WINDOWS\SYSTEM32\iertutil.dll
0x00007ff89e6f0000 - 0x00007ff89e718000 	C:\WINDOWS\SYSTEM32\srvcli.dll
0x00007ff8a9b10000 - 0x00007ff8a9b1c000 	C:\WINDOWS\SYSTEM32\netutils.dll
0x00007ff8aa590000 - 0x00007ff8aa5f9000 	C:\WINDOWS\system32\mswsock.dll
0x00007ff8651c0000 - 0x00007ff8651ed000 	C:\Users\nihaoa\AppData\Local\Temp\seetaface6\windows\amd64\base\SeetaAuthorize.dll
0x00007ff8a5da0000 - 0x00007ff8a5e2d000 	C:\WINDOWS\SYSTEM32\MSVCP140.dll
0x00007ff8a5e50000 - 0x00007ff8a5e6d000 	C:\WINDOWS\SYSTEM32\VCRUNTIME140.dll
0x00007ff8a58e0000 - 0x00007ff8a58ec000 	C:\WINDOWS\SYSTEM32\VCRUNTIME140_1.dll
0x00007fffee810000 - 0x00007fffeeae8000 	C:\Users\nihaoa\AppData\Local\Temp\seetaface6\windows\amd64\base\CPU\tennis.dll
0x00007ff863a50000 - 0x00007ff863a7e000 	C:\WINDOWS\SYSTEM32\VCOMP140.DLL
0x00007ff85b5c0000 - 0x00007ff85b5eb000 	C:\Users\nihaoa\AppData\Local\Temp\seetaface6\windows\amd64\base\SeetaFaceDetector600.dll
0x00007ff85ad80000 - 0x00007ff85adae000 	C:\Users\nihaoa\AppData\Local\Temp\seetaface6\windows\amd64\base\SeetaAgePredictor600.dll
0x00007ff8593f0000 - 0x00007ff85941a000 	C:\Users\nihaoa\AppData\Local\Temp\seetaface6\windows\amd64\base\SeetaEyeStateDetector200.dll
0x00007ff80a1b0000 - 0x00007ff80a1f1000 	C:\Users\nihaoa\AppData\Local\Temp\seetaface6\windows\amd64\base\SeetaFaceAntiSpoofingX600.dll
0x00007ff815d40000 - 0x00007ff815d6d000 	C:\Users\nihaoa\AppData\Local\Temp\seetaface6\windows\amd64\base\SeetaFaceLandmarker600.dll
0x00007ff800140000 - 0x00007ff800187000 	C:\Users\nihaoa\AppData\Local\Temp\seetaface6\windows\amd64\base\SeetaFaceRecognizer610.dll
0x00007ff80db30000 - 0x00007ff80db5e000 	C:\Users\nihaoa\AppData\Local\Temp\seetaface6\windows\amd64\base\SeetaGenderPredictor600.dll
0x00007ff809bf0000 - 0x00007ff809c19000 	C:\Users\nihaoa\AppData\Local\Temp\seetaface6\windows\amd64\base\SeetaMaskDetector200.dll
0x00007ff800110000 - 0x00007ff80013a000 	C:\Users\nihaoa\AppData\Local\Temp\seetaface6\windows\amd64\base\SeetaPoseEstimation600.dll
0x00007ff85ad60000 - 0x00007ff85ad71000 	C:\Users\nihaoa\AppData\Local\Temp\seetaface6\windows\amd64\base\SeetaFaceTracking600.dll
0x00007ffffe270000 - 0x00007ffffe2a3000 	C:\Users\nihaoa\AppData\Local\Temp\seetaface6\windows\amd64\base\SeetaQualityAssessor300.dll
0x00007fffecbd0000 - 0x00007fffecea8000 	C:\Users\nihaoa\AppData\Local\Temp\seetaface6\windows\amd64\base\CPU\tennis_sandy_bridge.dll
0x00007fffe7e00000 - 0x00007fffe80d9000 	C:\Users\nihaoa\AppData\Local\Temp\seetaface6\windows\amd64\base\CPU\tennis_pentium.dll
0x00007fffe7b20000 - 0x00007fffe7df8000 	C:\Users\nihaoa\AppData\Local\Temp\seetaface6\windows\amd64\base\CPU\tennis_haswell.dll
0x00007ffffe240000 - 0x00007ffffe261000 	C:\Users\nihaoa\AppData\Local\Temp\seetaface6\windows\amd64\FaceAntiSpoofingX6JNI.dll
0x00007ff8aa8c0000 - 0x00007ff8aa8cc000 	C:\WINDOWS\SYSTEM32\CRYPTBASE.DLL
0x00007ff8590f0000 - 0x00007ff85910f000 	C:\Users\nihaoa\AppData\Local\Temp\seetaface6\windows\amd64\SeetaMaskDetectorJNI.dll
0x00007ffffdfc0000 - 0x00007ffffdfe1000 	C:\Users\nihaoa\AppData\Local\Temp\seetaface6\windows\amd64\SeetaGenderPredictorJNI.dll
0x00007ff84b270000 - 0x00007ff84b290000 	C:\Users\nihaoa\AppData\Local\Temp\seetaface6\windows\amd64\SeetaEyeStateDetectorJNI.dll
0x00007ffffdf90000 - 0x00007ffffdfb1000 	C:\Users\nihaoa\AppData\Local\Temp\seetaface6\windows\amd64\SeetaAgePredictorJNI.dll
0x00007ffffdd50000 - 0x00007ffffdd73000 	C:\Users\nihaoa\AppData\Local\Temp\seetaface6\windows\amd64\QualityAssessor3JNI.dll
0x00007ff82aa00000 - 0x00007ff82aa1f000 	C:\Users\nihaoa\AppData\Local\Temp\seetaface6\windows\amd64\PoseEstimator6JNI.dll
0x00007ffffab40000 - 0x00007ffffab61000 	C:\Users\nihaoa\AppData\Local\Temp\seetaface6\windows\amd64\LandmarkerJNI.dll
0x00007ff814ef0000 - 0x00007ff814f0f000 	C:\Users\nihaoa\AppData\Local\Temp\seetaface6\windows\amd64\FaceTracker6JNI.dll
0x00007ffffab10000 - 0x00007ffffab31000 	C:\Users\nihaoa\AppData\Local\Temp\seetaface6\windows\amd64\FaceBoxesJNI.dll
0x00007ffffaa40000 - 0x00007ffffaa64000 	C:\Users\nihaoa\AppData\Local\Temp\seetaface6\windows\amd64\FaceRecognizer6JNI.dll
0x00007ff8aa130000 - 0x00007ff8aa148000 	C:\WINDOWS\SYSTEM32\kernel.appcore.dll
0x00007ffff4b70000 - 0x00007ffff4d09000 	D:\Program Files\Java\jdk1.8.0_202\jre\bin\awt.dll
0x00007ff8ac020000 - 0x00007ff8ac0f7000 	C:\WINDOWS\System32\OLEAUT32.dll
0x00007ff8a5e70000 - 0x00007ff8a5f07000 	C:\WINDOWS\SYSTEM32\apphelp.dll
0x00007ffffaa00000 - 0x00007ffffaa31000 	D:\Program Files\Java\jdk1.8.0_202\jre\bin\jpeg.dll
0x00007ff8a8680000 - 0x00007ff8a88b2000 	C:\WINDOWS\SYSTEM32\dbghelp.dll
0x00007ff8ab950000 - 0x00007ff8ab9cb000 	C:\WINDOWS\System32\bcryptPrimitives.dll

VM Arguments:
jvm_args: -javaagent:D:\Program Files\JetBrains\IntelliJ IDEA 2023.3.4\lib\idea_rt.jar=12898:D:\Program Files\JetBrains\IntelliJ IDEA 2023.3.4\bin -Dfile.encoding=UTF-8 
java_command: com.dhcc.tmp.Person
java_class_path (initial): D:\Program Files\Java\jdk1.8.0_202\jre\lib\charsets.jar;D:\Program Files\Java\jdk1.8.0_202\jre\lib\deploy.jar;D:\Program Files\Java\jdk1.8.0_202\jre\lib\ext\access-bridge-64.jar;D:\Program Files\Java\jdk1.8.0_202\jre\lib\ext\cldrdata.jar;D:\Program Files\Java\jdk1.8.0_202\jre\lib\ext\dnsns.jar;D:\Program Files\Java\jdk1.8.0_202\jre\lib\ext\jaccess.jar;D:\Program Files\Java\jdk1.8.0_202\jre\lib\ext\jfxrt.jar;D:\Program Files\Java\jdk1.8.0_202\jre\lib\ext\localedata.jar;D:\Program Files\Java\jdk1.8.0_202\jre\lib\ext\nashorn.jar;D:\Program Files\Java\jdk1.8.0_202\jre\lib\ext\sunec.jar;D:\Program Files\Java\jdk1.8.0_202\jre\lib\ext\sunjce_provider.jar;D:\Program Files\Java\jdk1.8.0_202\jre\lib\ext\sunmscapi.jar;D:\Program Files\Java\jdk1.8.0_202\jre\lib\ext\sunpkcs11.jar;D:\Program Files\Java\jdk1.8.0_202\jre\lib\ext\zipfs.jar;D:\Program Files\Java\jdk1.8.0_202\jre\lib\javaws.jar;D:\Program Files\Java\jdk1.8.0_202\jre\lib\jce.jar;D:\Program Files\Java\jdk1.8.0_202\jre\lib\jfr.jar;D:\Program Files\Java\jdk1.8.0_202\jre\lib\jfxswt.jar;D:\Program Files\Java\jdk1.8.0_202\jre\lib\jsse.jar;D:\Program Files\Java\jdk1.8.0_202\jre\lib\management-agent.jar;D:\Program Files\Java\jdk1.8.0_202\jre\lib\plugin.jar;D:\Program Files\Java\jdk1.8.0_202\jre\lib\resources.jar;D:\Program Files\Java\jdk1.8.0_202\jre\lib\rt.jar;D:\Develop\response\Demo\study\enjoy\weibo\target\classes;D:\Develop\apache-maven-3.8.5\response\com\squareup\okhttp3\okhttp\4.9.3\okhttp-4.9.3.jar;D:\Develop\apache-maven-3.8.5\response\com\squareup\okio\okio\2.8.0\okio-2.8.0.jar;D:\Develop\apache-maven-3.8.5\response\com\squareup\okhttp3\logging-interceptor\4.9.3\logging-interceptor-4.9.3.jar;D:\Develop\apache-maven-3.8.5\response\org\jetbrains\kotlin\kotlin-stdlib-jdk8\1.2.31\kotlin-stdlib-jdk8-1.2.31.jar;D:\Develop\apache-maven-3.8.5\response\org\jetbrains\kotlin\kotlin-stdlib-jdk7\1.2.31\kotlin-stdlib-jdk7-1.2.31.jar;D:\Develop\apache-maven-3.8.5\response\org\jsoup\jsoup\1.14.3\jsoup-1.
Launcher Type: SUN_STANDARD

Environment Variables:
PATH=C:\Program Files\NVIDIA GPU Computing Toolkit\CUDA\v12.4\bin;C:\Program Files\NVIDIA GPU Computing Toolkit\CUDA\v12.4\libnvvp;;D:\Program Files (x86)\VMware\VMware Workstation\bin\;C:\WINDOWS\system32;C:\WINDOWS;C:\WINDOWS\System32\Wbem;C:\WINDOWS\System32\WindowsPowerShell\v1.0\;C:\WINDOWS\System32\OpenSSH\;C:\Program Files\dotnet\;D:\Program Files\Git\cmd;D:\Program Files (x86)\NetSarang\Xmanager 7\;D:\Program Files (x86)\NetSarang\Xshell 7\;D:\Program Files (x86)\NetSarang\Xftp 7\;D:\Program Files (x86)\NetSarang\Xlpd 7\;C:\Program Files (x86)\PuTTY\;D:\Program Files\TortoiseGit\bin;C:\Program Files\NVIDIA Corporation\NVIDIA NvDLISR;C:\Program Files (x86)\NVIDIA Corporation\PhysX\Common;C:\Program Files\NVIDIA Corporation\Nsight Compute 2024.1.0\;C:\Users\nihaoa\AppData\Local\Programs\Python\Python310\Scripts\;C:\Users\nihaoa\AppData\Local\Programs\Python\Python310\;C:\Users\nihaoa\AppData\Local\Microsoft\WindowsApps;D:\Program Files\Bandizip\;C:\Users\nihaoa\AppData\Local\Programs\EmEditor
USERNAME=nihaoa
OS=Windows_NT
PROCESSOR_IDENTIFIER=AMD64 Family 25 Model 33 Stepping 2, AuthenticAMD



---------------  S Y S T E M  ---------------

OS: Windows 10.0 , 64 bit Build 22621 (10.0.22621.3958)

CPU:total 16 (initial active 16) (16 cores per cpu, 1 threads per core) family 25 model 33 stepping 2, cmov, cx8, fxsr, mmx, sse, sse2, sse3, ssse3, sse4.1, sse4.2, popcnt, avx, avx2, aes, clmul, erms, mmxext, 3dnowpref, lzcnt, sse4a, tsc, tscinvbit, tscinv, bmi1

Memory: 4k page, physical 50239416k(25581768k free), swap 57579448k(20297128k free)

vm_info: Java HotSpot(TM) 64-Bit Server VM (25.202-b08) for windows-amd64 JRE (1.8.0_202-b08), built on Dec 15 2018 19:54:30 by "java_re" with MS VC++ 10.0 (VS2010)

time: Fri Aug 30 10:30:59 2024
timezone: 中国标准时间
elapsed time: 0 seconds (0d 0h 0m 0s)

