#
# A fatal error has been detected by the Java Runtime Environment:
#
#  EXCEPTION_UNCAUGHT_CXX_EXCEPTION (0xe06d7363) at pc=0x00007ff8ab0bfabc, pid=25796, tid=0x000000000000a7b4
#
# JRE version: Java(TM) SE Runtime Environment (8.0_202-b08) (build 1.8.0_202-b08)
# Java VM: Java HotSpot(TM) 64-Bit Server VM (25.202-b08 mixed mode windows-amd64 compressed oops)
# Problematic frame:
# C  [KERNELBASE.dll+0x5fabc]
#
# Failed to write core dump. Minidumps are not enabled by default on client versions of Windows
#
# If you would like to submit a bug report, please visit:
#   http://bugreport.java.com/bugreport/crash.jsp
# The crash happened outside the Java Virtual Machine in native code.
# See problematic frame for where to report the bug.
#

---------------  T H R E A D  ---------------

Current thread (0x0000000035b00800):  JavaThread "pool-2-thread-3" [_thread_in_native, id=42932, stack(0x0000000037370000,0x0000000037470000)]

siginfo: ExceptionCode=0xe06d7363, ExceptionInformation=0x0000000019930520 0x000000003746ed68 0x00007ff87e8c29e0 0x00007ff87e8a0000 

Registers:
RAX=0x0000000000000070, RBX=0x00007ff87e8c29e0, RCX=0x00000000368d99b0, RDX=0x00007ff8ab451966
RSP=0x000000003746ea20, RBP=0x000000003746ec60, RSI=0x000000003746ed68, RDI=0x0000000019930520
R8 =0x0000000000000000, R9 =0x0000000000f102bc, R10=0x0000000000000070, R11=0x0000000035b009f8
R12=0x00000000011692d0, R13=0x000000000000039c, R14=0x0000000001169370, R15=0x0000000000000780
RIP=0x00007ff8ab0bfabc, EFLAGS=0x0000000000000202

Top of Stack: (sp=0x000000003746ea20)
0x000000003746ea20:   000000003746ed80 00007ff87e8c29e0
0x000000003746ea30:   000000003746ed68 0000000001169370
0x000000003746ea40:   00000081e06d7363 0000000000000000
0x000000003746ea50:   00007ff8ab0bfabc 0000000000000004
0x000000003746ea60:   0000000019930520 000000003746ed68
0x000000003746ea70:   00007ff87e8c29e0 00007ff87e8a0000
0x000000003746ea80:   0000000000000000 0000000001070000
0x000000003746ea90:   0000000000000000 00007ff87e8c29e0
0x000000003746eaa0:   0000000001169370 00007ff8add86acf
0x000000003746eab0:   000000003746eb20 00007ff87e8c7000
0x000000003746eac0:   000000003746ed68 0000000019930520
0x000000003746ead0:   00007ff87e8c7000 00007ff87e8a0000
0x000000003746eae0:   00004c47c79ef987 00007ff87e8a3266
0x000000003746eaf0:   00007ff87e8c29e0 00007ff8a5e56ba7
0x000000003746eb00:   00007ff87e8ba450 000000000000007f
0x000000003746eb10:   fffffffffffffffe 000000003746ed68 

Instructions: (pc=0x00007ff8ab0bfabc)
0x00007ff8ab0bfa9c:   0f 46 c0 44 8b c0 44 89 44 24 38 49 c1 e0 03 e8
0x00007ff8ab0bfaac:   47 22 07 00 48 8d 4c 24 20 48 ff 15 e4 52 20 00
0x00007ff8ab0bfabc:   0f 1f 44 00 00 48 8b 8c 24 c0 00 00 00 48 33 cc
0x00007ff8ab0bfacc:   e8 4f 09 05 00 48 81 c4 d8 00 00 00 c3 cc 83 64 


Register to memory mapping:

RAX=0x0000000000000070 is an unknown value
RBX=0x00007ff87e8c29e0 is an unknown value
RCX=0x00000000368d99b0 is an unknown value
RDX=0x00007ff8ab451966 is an unknown value
RSP=0x000000003746ea20 is pointing into the stack for thread: 0x0000000035b00800
RBP=0x000000003746ec60 is pointing into the stack for thread: 0x0000000035b00800
RSI=0x000000003746ed68 is pointing into the stack for thread: 0x0000000035b00800
RDI=0x0000000019930520 is an unknown value
R8 =0x0000000000000000 is an unknown value
R9 =0x0000000000f102bc is an unknown value
R10=0x0000000000000070 is an unknown value
R11=0x0000000035b009f8 is an unknown value
R12=0x00000000011692d0 is an unknown value
R13=0x000000000000039c is an unknown value
R14=0x0000000001169370 is an unknown value
R15=0x0000000000000780 is an unknown value


Stack: [0x0000000037370000,0x0000000037470000],  sp=0x000000003746ea20,  free space=1018k
Native frames: (J=compiled Java code, j=interpreted, Vv=VM code, C=native code)
C  [KERNELBASE.dll+0x5fabc]
C  [VCRUNTIME140.dll+0x6ba7]
C  [SeetaFaceDetector600.dll+0x9b7d]
C  [SeetaFaceDetector600.dll+0x9891]
C  [FaceBoxesJNI.dll+0x21e4]
C  0x00000000036c8627

Java frames: (J=compiled Java code, j=interpreted, Vv=VM code)
j  com.seeta.sdk.FaceDetector.Detect(Lcom/seeta/sdk/SeetaImageData;)[Lcom/seeta/sdk/SeetaRect;+0
j  com.dhcc.tmp.Person.processImage(Ljava/io/File;Ljava/lang/String;Lcom/seeta/sdk/FaceDetector;)V+14
j  com.dhcc.tmp.Person.lambda$null$1(Ljava/nio/file/Path;Ljava/lang/String;Lcom/seeta/sdk/FaceDetector;)V+8
j  com.dhcc.tmp.Person$$Lambda$12.run()V+12
j  java.util.concurrent.Executors$RunnableAdapter.call()Ljava/lang/Object;+4
j  java.util.concurrent.FutureTask.run()V+42
j  java.util.concurrent.ThreadPoolExecutor.runWorker(Ljava/util/concurrent/ThreadPoolExecutor$Worker;)V+95
j  java.util.concurrent.ThreadPoolExecutor$Worker.run()V+5
j  java.lang.Thread.run()V+11
v  ~StubRoutines::call_stub

---------------  P R O C E S S  ---------------

Java Threads: ( => current thread )
  0x0000000035898800 JavaThread "Java2D Disposer" daemon [_thread_blocked, id=37964, stack(0x0000000037d70000,0x0000000037e70000)]
  0x0000000035b01800 JavaThread "pool-2-thread-4" [_thread_in_native, id=27760, stack(0x0000000037470000,0x0000000037570000)]
=>0x0000000035b00800 JavaThread "pool-2-thread-3" [_thread_in_native, id=42932, stack(0x0000000037370000,0x0000000037470000)]
  0x0000000035b00000 JavaThread "pool-2-thread-2" [_thread_in_native, id=52332, stack(0x0000000037270000,0x0000000037370000)]
  0x0000000035aff000 JavaThread "pool-2-thread-1" [_thread_in_Java, id=7464, stack(0x0000000036990000,0x0000000036a90000)]
  0x0000000035008000 JavaThread "Log4j2-TF-7-AsyncLoggerConfig--3" daemon [_thread_blocked, id=37676, stack(0x0000000036410000,0x0000000036510000)]
  0x0000000035005800 JavaThread "Log4j2-TF-6-Scheduled-2" daemon [_thread_blocked, id=39848, stack(0x0000000036310000,0x0000000036410000)]
  0x000000003511f800 JavaThread "Log4j2-TF-1-AsyncLogger[AsyncContext@18b4aac2]-1" daemon [_thread_blocked, id=31400, stack(0x0000000035f70000,0x0000000036070000)]
  0x0000000033b03000 JavaThread "Service Thread" daemon [_thread_blocked, id=34900, stack(0x0000000034ca0000,0x0000000034da0000)]
  0x0000000033a16000 JavaThread "C1 CompilerThread11" daemon [_thread_blocked, id=11116, stack(0x0000000034ba0000,0x0000000034ca0000)]
  0x0000000033a12000 JavaThread "C1 CompilerThread10" daemon [_thread_blocked, id=36540, stack(0x0000000034aa0000,0x0000000034ba0000)]
  0x0000000033a16800 JavaThread "C1 CompilerThread9" daemon [_thread_blocked, id=15932, stack(0x00000000349a0000,0x0000000034aa0000)]
  0x0000000033a10800 JavaThread "C1 CompilerThread8" daemon [_thread_blocked, id=14248, stack(0x00000000348a0000,0x00000000349a0000)]
  0x0000000033a11800 JavaThread "C2 CompilerThread7" daemon [_thread_blocked, id=49604, stack(0x00000000347a0000,0x00000000348a0000)]
  0x0000000033a17800 JavaThread "C2 CompilerThread6" daemon [_thread_blocked, id=25844, stack(0x00000000346a0000,0x00000000347a0000)]
  0x0000000033a13800 JavaThread "C2 CompilerThread5" daemon [_thread_blocked, id=19144, stack(0x00000000345a0000,0x00000000346a0000)]
  0x0000000033a04000 JavaThread "C2 CompilerThread4" daemon [_thread_blocked, id=45748, stack(0x00000000344a0000,0x00000000345a0000)]
  0x00000000339fb000 JavaThread "C2 CompilerThread3" daemon [_thread_blocked, id=21484, stack(0x00000000343a0000,0x00000000344a0000)]
  0x00000000339f9800 JavaThread "C2 CompilerThread2" daemon [_thread_blocked, id=50424, stack(0x00000000342a0000,0x00000000343a0000)]
  0x00000000339f8800 JavaThread "C2 CompilerThread1" daemon [_thread_blocked, id=27584, stack(0x00000000341a0000,0x00000000342a0000)]
  0x00000000339f6000 JavaThread "C2 CompilerThread0" daemon [_thread_blocked, id=24600, stack(0x00000000340a0000,0x00000000341a0000)]
  0x0000000031f5e000 JavaThread "Monitor Ctrl-Break" daemon [_thread_in_native, id=23144, stack(0x0000000033fa0000,0x00000000340a0000)]
  0x0000000031ca8800 JavaThread "Attach Listener" daemon [_thread_blocked, id=27452, stack(0x00000000336a0000,0x00000000337a0000)]
  0x0000000031c51000 JavaThread "Signal Dispatcher" daemon [_thread_blocked, id=51892, stack(0x00000000335a0000,0x00000000336a0000)]
  0x00000000301ad800 JavaThread "Finalizer" daemon [_thread_blocked, id=28472, stack(0x00000000334a0000,0x00000000335a0000)]
  0x0000000031c26000 JavaThread "Reference Handler" daemon [_thread_blocked, id=50992, stack(0x00000000333a0000,0x00000000334a0000)]
  0x00000000033e2800 JavaThread "main" [_thread_in_Java, id=36568, stack(0x00000000032e0000,0x00000000033e0000)]

Other Threads:
  0x000000003019b000 VMThread [stack: 0x00000000332a0000,0x00000000333a0000] [id=47320]
  0x0000000033c03800 WatcherThread [stack: 0x0000000034ea0000,0x0000000034fa0000] [id=19912]

VM state:not at safepoint (normal execution)

VM Mutex/Monitor currently owned by a thread: None

heap address: 0x00000004c1600000, size: 12266 MB, Compressed Oops mode: Zero based, Oop shift amount: 3
Narrow klass base: 0x0000000000000000, Narrow klass shift: 3
Compressed class space size: 1073741824 Address: 0x00000007c0000000

Heap:
 PSYoungGen      total 425984K, used 64169K [0x00000006c0780000, 0x00000006dc780000, 0x00000007c0000000)
  eden space 393216K, 9% used [0x00000006c0780000,0x00000006c2b9ed08,0x00000006d8780000)
  from space 32768K, 82% used [0x00000006da780000,0x00000006dc20b9b0,0x00000006dc780000)
  to   space 32768K, 0% used [0x00000006d8780000,0x00000006d8780000,0x00000006da780000)
 ParOldGen       total 524288K, used 228839K [0x00000004c1600000, 0x00000004e1600000, 0x00000006c0780000)
  object space 524288K, 43% used [0x00000004c1600000,0x00000004cf579ff0,0x00000004e1600000)
 Metaspace       used 14580K, capacity 14870K, committed 14976K, reserved 1062912K
  class space    used 1769K, capacity 1855K, committed 1920K, reserved 1048576K

Card table byte_map: [0x0000000012a70000,0x0000000014270000] byte_map_base: 0x0000000010465000

Marking Bits: (ParMarkBitMap*) 0x0000000068ec5ce0
 Begin Bits: [0x0000000015f70000, 0x0000000021f18000)
 End Bits:   [0x0000000021f18000, 0x000000002dec0000)

Polling page: 0x0000000002ef0000

CodeCache: size=245760Kb used=6508Kb max_used=6520Kb free=239251Kb
 bounds [0x00000000036b0000, 0x0000000003d20000, 0x00000000126b0000]
 total_blobs=1888 nmethods=1461 adapters=337
 compilation: enabled

Compilation events (10 events):
Event: 1.169 Thread 0x0000000033a04000 1457 %     4       java.awt.image.BufferedImage::getRGB @ 173 (231 bytes)
Event: 1.177 Thread 0x0000000033a04000 nmethod 1457% 0x0000000003d10250 code [0x0000000003d10400, 0x0000000003d116a8]
Event: 1.235 Thread 0x0000000033a12000 1458 %     3       com.seeta.sdk.util.SeetafaceUtil::getBgr @ 76 (145 bytes)
Event: 1.236 Thread 0x0000000033a12000 nmethod 1458% 0x0000000003d0ce10 code [0x0000000003d0d040, 0x0000000003d0ded8]
Event: 1.236 Thread 0x00000000339f9800 1459 %     4       com.seeta.sdk.util.SeetafaceUtil::getBgr @ 76 (145 bytes)
Event: 1.237 Thread 0x0000000033a16000 1460       3       com.lmax.disruptor.Sequence::get (5 bytes)
Event: 1.237 Thread 0x0000000033a16000 nmethod 1460 0x0000000003cfa250 code [0x0000000003cfa3a0, 0x0000000003cfa4f0]
Event: 1.287 Thread 0x00000000339f9800 nmethod 1459% 0x0000000003cffe50 code [0x0000000003cfffa0, 0x0000000003d00318]
Event: 1.288 Thread 0x00000000339f6000 1461       4       com.seeta.sdk.util.SeetafaceUtil::getBgr (145 bytes)
Event: 1.294 Thread 0x00000000339f6000 nmethod 1461 0x0000000003d09010 code [0x0000000003d091e0, 0x0000000003d09730]

GC Heap History (4 events):
Event: 1.083 GC heap before
{Heap before GC invocations=1 (full 0):
 PSYoungGen      total 229376K, used 196608K [0x00000006c0780000, 0x00000006d0780000, 0x00000007c0000000)
  eden space 196608K, 100% used [0x00000006c0780000,0x00000006cc780000,0x00000006cc780000)
  from space 32768K, 0% used [0x00000006ce780000,0x00000006ce780000,0x00000006d0780000)
  to   space 32768K, 0% used [0x00000006cc780000,0x00000006cc780000,0x00000006ce780000)
 ParOldGen       total 524288K, used 0K [0x00000004c1600000, 0x00000004e1600000, 0x00000006c0780000)
  object space 524288K, 0% used [0x00000004c1600000,0x00000004c1600000,0x00000004e1600000)
 Metaspace       used 14558K, capacity 14806K, committed 14976K, reserved 1062912K
  class space    used 1769K, capacity 1855K, committed 1920K, reserved 1048576K
Event: 1.108 GC heap after
Heap after GC invocations=1 (full 0):
 PSYoungGen      total 229376K, used 32741K [0x00000006c0780000, 0x00000006dc780000, 0x00000007c0000000)
  eden space 196608K, 0% used [0x00000006c0780000,0x00000006c0780000,0x00000006cc780000)
  from space 32768K, 99% used [0x00000006cc780000,0x00000006ce779620,0x00000006ce780000)
  to   space 32768K, 0% used [0x00000006da780000,0x00000006da780000,0x00000006dc780000)
 ParOldGen       total 524288K, used 114712K [0x00000004c1600000, 0x00000004e1600000, 0x00000006c0780000)
  object space 524288K, 21% used [0x00000004c1600000,0x00000004c86061b0,0x00000004e1600000)
 Metaspace       used 14558K, capacity 14806K, committed 14976K, reserved 1062912K
  class space    used 1769K, capacity 1855K, committed 1920K, reserved 1048576K
}
Event: 1.238 GC heap before
{Heap before GC invocations=2 (full 0):
 PSYoungGen      total 229376K, used 227218K [0x00000006c0780000, 0x00000006dc780000, 0x00000007c0000000)
  eden space 196608K, 98% used [0x00000006c0780000,0x00000006cc56b548,0x00000006cc780000)
  from space 32768K, 99% used [0x00000006cc780000,0x00000006ce779620,0x00000006ce780000)
  to   space 32768K, 0% used [0x00000006da780000,0x00000006da780000,0x00000006dc780000)
 ParOldGen       total 524288K, used 114712K [0x00000004c1600000, 0x00000004e1600000, 0x00000006c0780000)
  object space 524288K, 21% used [0x00000004c1600000,0x00000004c86061b0,0x00000004e1600000)
 Metaspace       used 14580K, capacity 14870K, committed 14976K, reserved 1062912K
  class space    used 1769K, capacity 1855K, committed 1920K, reserved 1048576K
Event: 1.285 GC heap after
Heap after GC invocations=2 (full 0):
 PSYoungGen      total 425984K, used 27182K [0x00000006c0780000, 0x00000006dc780000, 0x00000007c0000000)
  eden space 393216K, 0% used [0x00000006c0780000,0x00000006c0780000,0x00000006d8780000)
  from space 32768K, 82% used [0x00000006da780000,0x00000006dc20b9b0,0x00000006dc780000)
  to   space 32768K, 0% used [0x00000006d8780000,0x00000006d8780000,0x00000006da780000)
 ParOldGen       total 524288K, used 228839K [0x00000004c1600000, 0x00000004e1600000, 0x00000006c0780000)
  object space 524288K, 43% used [0x00000004c1600000,0x00000004cf579ff0,0x00000004e1600000)
 Metaspace       used 14580K, capacity 14870K, committed 14976K, reserved 1062912K
  class space    used 1769K, capacity 1855K, committed 1920K, reserved 1048576K
}

Deoptimization events (10 events):
Event: 0.546 Thread 0x00000000033e2800 Uncommon trap: reason=range_check action=make_not_entrant pc=0x0000000003ae5668 method=sun.reflect.generics.parser.SignatureParser.current()C @ 34
Event: 0.587 Thread 0x00000000033e2800 Uncommon trap: reason=unstable_if action=reinterpret pc=0x0000000003ac0d84 method=java.io.WinNTFileSystem.normalize(Ljava/lang/String;II)Ljava/lang/String; @ 8
Event: 0.646 Thread 0x00000000033e2800 Uncommon trap: reason=class_check action=maybe_recompile pc=0x0000000003b57504 method=java.util.HashMap.putVal(ILjava/lang/Object;Ljava/lang/Object;ZZ)Ljava/lang/Object; @ 203
Event: 0.646 Thread 0x00000000033e2800 Uncommon trap: reason=class_check action=maybe_recompile pc=0x0000000003b57504 method=java.util.HashMap.putVal(ILjava/lang/Object;Ljava/lang/Object;ZZ)Ljava/lang/Object; @ 203
Event: 0.650 Thread 0x00000000033e2800 Uncommon trap: reason=class_check action=maybe_recompile pc=0x0000000003b57504 method=java.util.HashMap.putVal(ILjava/lang/Object;Ljava/lang/Object;ZZ)Ljava/lang/Object; @ 203
Event: 0.662 Thread 0x00000000033e2800 Uncommon trap: reason=class_check action=maybe_recompile pc=0x0000000003b57504 method=java.util.HashMap.putVal(ILjava/lang/Object;Ljava/lang/Object;ZZ)Ljava/lang/Object; @ 203
Event: 0.839 Thread 0x00000000033e2800 Uncommon trap: reason=unstable_if action=reinterpret pc=0x000000000395c240 method=java.lang.CharacterData.of(I)Ljava/lang/CharacterData; @ 4
Event: 1.158 Thread 0x0000000035b00800 Uncommon trap: reason=unstable_if action=reinterpret pc=0x0000000003d08120 method=java.awt.image.BufferedImage.getRGB(IIII[III)[I @ 163
Event: 1.165 Thread 0x0000000035b00800 Uncommon trap: reason=unstable_if action=reinterpret pc=0x0000000003cfbd80 method=com.seeta.sdk.util.SeetafaceUtil.getBgr(Ljava/awt/image/BufferedImage;)[B @ 79
Event: 1.233 Thread 0x0000000035b00000 Uncommon trap: reason=unstable_if action=reinterpret pc=0x0000000003d08120 method=java.awt.image.BufferedImage.getRGB(IIII[III)[I @ 163

Classes redefined (0 events):
No events

Internal exceptions (10 events):
Event: 0.208 Thread 0x00000000033e2800 Exception <a 'java/security/PrivilegedActionException'> (0x00000006c0b0d9c0) thrown at [C:\re\workspace\8-2-build-windows-amd64-cygwin\jdk8u202\12323\hotspot\src\share\vm\prims\jvm.cpp, line 1502]
Event: 0.208 Thread 0x00000000033e2800 Exception <a 'java/security/PrivilegedActionException'> (0x00000006c0b118d0) thrown at [C:\re\workspace\8-2-build-windows-amd64-cygwin\jdk8u202\12323\hotspot\src\share\vm\prims\jvm.cpp, line 1502]
Event: 0.208 Thread 0x00000000033e2800 Exception <a 'java/security/PrivilegedActionException'> (0x00000006c0b11ae0) thrown at [C:\re\workspace\8-2-build-windows-amd64-cygwin\jdk8u202\12323\hotspot\src\share\vm\prims\jvm.cpp, line 1502]
Event: 0.546 Thread 0x00000000033e2800 Exception <a 'java/lang/ArrayIndexOutOfBoundsException': 18> (0x00000006c56c5870) thrown at [C:\re\workspace\8-2-build-windows-amd64-cygwin\jdk8u202\12323\hotspot\src\share\vm\interpreter\interpreterRuntime.cpp, line 368]
Event: 0.547 Thread 0x00000000033e2800 Exception <a 'java/lang/ArrayIndexOutOfBoundsException': 110> (0x00000006c56c7610) thrown at [C:\re\workspace\8-2-build-windows-amd64-cygwin\jdk8u202\12323\hotspot\src\share\vm\interpreter\interpreterRuntime.cpp, line 368]
Event: 0.669 Thread 0x00000000033e2800 Exception <a 'java/lang/NoSuchMethodError': org.slf4j.impl.StaticMarkerBinder.getSingleton()Lorg/slf4j/impl/StaticMarkerBinder;> (0x00000006c67d34b0) thrown at [C:\re\workspace\8-2-build-windows-amd64-cygwin\jdk8u202\12323\hotspot\src\share\vm\interpreter
Event: 0.693 Thread 0x00000000033e2800 Exception <a 'java/lang/NoSuchFieldError': method resolution failed> (0x00000006c6992c98) thrown at [C:\re\workspace\8-2-build-windows-amd64-cygwin\jdk8u202\12323\hotspot\src\share\vm\prims\methodHandles.cpp, line 1167]
Event: 0.694 Thread 0x00000000033e2800 Exception <a 'java/lang/NoSuchFieldError': method resolution failed> (0x00000006c69a0828) thrown at [C:\re\workspace\8-2-build-windows-amd64-cygwin\jdk8u202\12323\hotspot\src\share\vm\prims\methodHandles.cpp, line 1167]
Event: 0.701 Thread 0x00000000033e2800 Exception <a 'java/lang/NoSuchMethodError': java.lang.Object.lambda$comparing$77a9974f$1(Ljava/util/function/Function;Ljava/lang/Object;Ljava/lang/Object;)I> (0x00000006c6a44bc8) thrown at [C:\re\workspace\8-2-build-windows-amd64-cygwin\jdk8u202\12323\hot
Event: 0.965 Thread 0x0000000035b00800 Exception <a 'java/io/FileNotFoundException'> (0x00000006c772ff80) thrown at [C:\re\workspace\8-2-build-windows-amd64-cygwin\jdk8u202\12323\hotspot\src\share\vm\prims\jni.cpp, line 710]

Events (10 events):
Event: 1.177 Thread 0x0000000035b01800 DEOPT UNPACKING pc=0x00000000036f7490 sp=0x000000003756eab8 mode 0
Event: 1.233 Thread 0x0000000035b00000 Uncommon trap: trap_request=0xffffff65 fr.pc=0x0000000003d08120
Event: 1.233 Thread 0x0000000035b00000 DEOPT PACKING pc=0x0000000003d08120 sp=0x000000003736f320
Event: 1.233 Thread 0x0000000035b00000 DEOPT UNPACKING pc=0x00000000036f583b sp=0x000000003736f318 mode 2
Event: 1.237 Executing VM operation: ParallelGCFailedAllocation
Event: 1.285 Executing VM operation: ParallelGCFailedAllocation done
Event: 1.288 Thread 0x0000000035b01800 DEOPT PACKING pc=0x0000000003d0dd5e sp=0x000000003756ee20
Event: 1.288 Thread 0x0000000035b01800 DEOPT UNPACKING pc=0x00000000036f7490 sp=0x000000003756eb90 mode 0
Event: 1.288 Thread 0x0000000035b00000 DEOPT PACKING pc=0x0000000003d0dd5e sp=0x000000003736f400
Event: 1.288 Thread 0x0000000035b00000 DEOPT UNPACKING pc=0x00000000036f7490 sp=0x000000003736f170 mode 0


Dynamic libraries:
0x00007ff7f6660000 - 0x00007ff7f6697000 	D:\Program Files\Java\jdk1.8.0_202\bin\java.exe
0x00007ff8add10000 - 0x00007ff8adf27000 	C:\WINDOWS\SYSTEM32\ntdll.dll
0x00007ff8ac3a0000 - 0x00007ff8ac464000 	C:\WINDOWS\System32\KERNEL32.DLL
0x00007ff8ab060000 - 0x00007ff8ab40d000 	C:\WINDOWS\System32\KERNELBASE.dll
0x00007ff8ac720000 - 0x00007ff8ac7d2000 	C:\WINDOWS\System32\ADVAPI32.dll
0x00007ff8abd80000 - 0x00007ff8abe27000 	C:\WINDOWS\System32\msvcrt.dll
0x00007ff8ac890000 - 0x00007ff8ac939000 	C:\WINDOWS\System32\sechost.dll
0x00007ff8ab030000 - 0x00007ff8ab058000 	C:\WINDOWS\System32\bcrypt.dll
0x00007ff8ac5d0000 - 0x00007ff8ac6e4000 	C:\WINDOWS\System32\RPCRT4.dll
0x00007ff8aba50000 - 0x00007ff8abbfe000 	C:\WINDOWS\System32\USER32.dll
0x00007ff8ab410000 - 0x00007ff8ab436000 	C:\WINDOWS\System32\win32u.dll
0x00007ff8ac6f0000 - 0x00007ff8ac719000 	C:\WINDOWS\System32\GDI32.dll
0x00007ff8ab620000 - 0x00007ff8ab739000 	C:\WINDOWS\System32\gdi32full.dll
0x00007ff8ab740000 - 0x00007ff8ab7da000 	C:\WINDOWS\System32\msvcp_win.dll
0x00007ff8ab440000 - 0x00007ff8ab551000 	C:\WINDOWS\System32\ucrtbase.dll
0x00007ff8906a0000 - 0x00007ff890933000 	C:\WINDOWS\WinSxS\amd64_microsoft.windows.common-controls_6595b64144ccf1df_6.0.22621.3672_none_2713b9d173822955\COMCTL32.dll
0x00007ff8abd40000 - 0x00007ff8abd71000 	C:\WINDOWS\System32\IMM32.DLL
0x0000000068f50000 - 0x0000000069022000 	D:\Program Files\Java\jdk1.8.0_202\jre\bin\msvcr100.dll
0x00000000686a0000 - 0x0000000068f45000 	D:\Program Files\Java\jdk1.8.0_202\jre\bin\server\jvm.dll
0x00007ff8aba40000 - 0x00007ff8aba48000 	C:\WINDOWS\System32\PSAPI.DLL
0x00007ff8a3030000 - 0x00007ff8a3039000 	C:\WINDOWS\SYSTEM32\WSOCK32.dll
0x00007ff8a7260000 - 0x00007ff8a7294000 	C:\WINDOWS\SYSTEM32\WINMM.dll
0x00007ff8a6190000 - 0x00007ff8a619a000 	C:\WINDOWS\SYSTEM32\VERSION.dll
0x00007ff8ac7e0000 - 0x00007ff8ac851000 	C:\WINDOWS\System32\WS2_32.dll
0x00007ff8a5910000 - 0x00007ff8a591f000 	D:\Program Files\Java\jdk1.8.0_202\jre\bin\verify.dll
0x00007ff88dc00000 - 0x00007ff88dc29000 	D:\Program Files\Java\jdk1.8.0_202\jre\bin\java.dll
0x00007ff88da90000 - 0x00007ff88dab3000 	D:\Program Files\Java\jdk1.8.0_202\jre\bin\instrument.dll
0x00007ff89eef0000 - 0x00007ff89ef06000 	D:\Program Files\Java\jdk1.8.0_202\jre\bin\zip.dll
0x00007ff8aca40000 - 0x00007ff8ad2a7000 	C:\WINDOWS\System32\SHELL32.dll
0x00007ff8a8f60000 - 0x00007ff8a985f000 	C:\WINDOWS\SYSTEM32\windows.storage.dll
0x00007ff8ad940000 - 0x00007ff8adcce000 	C:\WINDOWS\System32\combase.dll
0x00007ff8a8e20000 - 0x00007ff8a8f5f000 	C:\WINDOWS\SYSTEM32\wintypes.dll
0x00007ff8ac2a0000 - 0x00007ff8ac399000 	C:\WINDOWS\System32\SHCORE.dll
0x00007ff8ad2b0000 - 0x00007ff8ad30e000 	C:\WINDOWS\System32\shlwapi.dll
0x00007ff8aaf60000 - 0x00007ff8aaf87000 	C:\WINDOWS\SYSTEM32\profapi.dll
0x00007ff8917a0000 - 0x00007ff8917ba000 	D:\Program Files\JetBrains\IntelliJ IDEA 2023.3.4\bin\breakgen64.dll
0x00007ff88da70000 - 0x00007ff88da8a000 	D:\Program Files\Java\jdk1.8.0_202\jre\bin\net.dll
0x00007ff89d6e0000 - 0x00007ff89d8d0000 	C:\WINDOWS\SYSTEM32\urlmon.dll
0x00007ff89a140000 - 0x00007ff89a3fe000 	C:\WINDOWS\SYSTEM32\iertutil.dll
0x00007ff8a9b10000 - 0x00007ff8a9b1c000 	C:\WINDOWS\SYSTEM32\netutils.dll
0x00007ff89e6f0000 - 0x00007ff89e718000 	C:\WINDOWS\SYSTEM32\srvcli.dll
0x00007ff8aa590000 - 0x00007ff8aa5f9000 	C:\WINDOWS\system32\mswsock.dll
0x00007ff8a6260000 - 0x00007ff8a626d000 	D:\Program Files\Java\jdk1.8.0_202\jre\bin\management.dll
0x00007ff89e570000 - 0x00007ff89e5bb000 	C:\Program Files (x86)\Sangfor\SSL\ClientComponent\SangforNspX64.dll
0x00007ff8ad310000 - 0x00007ff8ad4b5000 	C:\WINDOWS\System32\ole32.dll
0x00007ff8ac020000 - 0x00007ff8ac0f7000 	C:\WINDOWS\System32\OLEAUT32.dll
0x00007ff887db0000 - 0x00007ff887dc7000 	C:\WINDOWS\system32\napinsp.dll
0x00007ff8858d0000 - 0x00007ff8858eb000 	C:\WINDOWS\system32\pnrpnsp.dll
0x00007ff8a9b60000 - 0x00007ff8a9c58000 	C:\WINDOWS\SYSTEM32\DNSAPI.dll
0x00007ff8a9b30000 - 0x00007ff8a9b5d000 	C:\WINDOWS\SYSTEM32\IPHLPAPI.DLL
0x00007ff8ac290000 - 0x00007ff8ac299000 	C:\WINDOWS\System32\NSI.dll
0x00007ff884fe0000 - 0x00007ff884ff1000 	C:\WINDOWS\System32\winrnr.dll
0x00007ff884fc0000 - 0x00007ff884fd5000 	C:\WINDOWS\system32\wshbth.dll
0x00007ff884f90000 - 0x00007ff884fb7000 	C:\WINDOWS\system32\nlansp_c.dll
0x00007ff8a5410000 - 0x00007ff8a541a000 	C:\Windows\System32\rasadhlp.dll
0x00007ff8a68f0000 - 0x00007ff8a6973000 	C:\WINDOWS\System32\fwpuclnt.dll
0x00007ff88da50000 - 0x00007ff88da62000 	D:\Program Files\Java\jdk1.8.0_202\jre\bin\nio.dll
0x00007ff889150000 - 0x00007ff88917d000 	C:\Users\nihaoa\AppData\Local\Temp\seetaface6\windows\amd64\base\SeetaAuthorize.dll
0x00007ff8a5e50000 - 0x00007ff8a5e6d000 	C:\WINDOWS\SYSTEM32\VCRUNTIME140.dll
0x00007ff8a5da0000 - 0x00007ff8a5e2d000 	C:\WINDOWS\SYSTEM32\MSVCP140.dll
0x00007ff8a58e0000 - 0x00007ff8a58ec000 	C:\WINDOWS\SYSTEM32\VCRUNTIME140_1.dll
0x00007ff822d80000 - 0x00007ff823058000 	C:\Users\nihaoa\AppData\Local\Temp\seetaface6\windows\amd64\base\CPU\tennis.dll
0x00007ff888320000 - 0x00007ff88834e000 	C:\WINDOWS\SYSTEM32\VCOMP140.DLL
0x00007ff87e8a0000 - 0x00007ff87e8cb000 	C:\Users\nihaoa\AppData\Local\Temp\seetaface6\windows\amd64\base\SeetaFaceDetector600.dll
0x00007ff87e560000 - 0x00007ff87e58e000 	C:\Users\nihaoa\AppData\Local\Temp\seetaface6\windows\amd64\base\SeetaAgePredictor600.dll
0x00007ff87e0a0000 - 0x00007ff87e0ca000 	C:\Users\nihaoa\AppData\Local\Temp\seetaface6\windows\amd64\base\SeetaEyeStateDetector200.dll
0x00007ff872780000 - 0x00007ff8727c1000 	C:\Users\nihaoa\AppData\Local\Temp\seetaface6\windows\amd64\base\SeetaFaceAntiSpoofingX600.dll
0x00007ff87dec0000 - 0x00007ff87deed000 	C:\Users\nihaoa\AppData\Local\Temp\seetaface6\windows\amd64\base\SeetaFaceLandmarker600.dll
0x00007ff8675c0000 - 0x00007ff867607000 	C:\Users\nihaoa\AppData\Local\Temp\seetaface6\windows\amd64\base\SeetaFaceRecognizer610.dll
0x00007ff87dd90000 - 0x00007ff87ddbe000 	C:\Users\nihaoa\AppData\Local\Temp\seetaface6\windows\amd64\base\SeetaGenderPredictor600.dll
0x00007ff87dce0000 - 0x00007ff87dd09000 	C:\Users\nihaoa\AppData\Local\Temp\seetaface6\windows\amd64\base\SeetaMaskDetector200.dll
0x00007ff87d980000 - 0x00007ff87d9aa000 	C:\Users\nihaoa\AppData\Local\Temp\seetaface6\windows\amd64\base\SeetaPoseEstimation600.dll
0x00007ff88da30000 - 0x00007ff88da41000 	C:\Users\nihaoa\AppData\Local\Temp\seetaface6\windows\amd64\base\SeetaFaceTracking600.dll
0x00007ff87c2e0000 - 0x00007ff87c313000 	C:\Users\nihaoa\AppData\Local\Temp\seetaface6\windows\amd64\base\SeetaQualityAssessor300.dll
0x00007ff822aa0000 - 0x00007ff822d78000 	C:\Users\nihaoa\AppData\Local\Temp\seetaface6\windows\amd64\base\CPU\tennis_sandy_bridge.dll
0x00007ff8227c0000 - 0x00007ff822a99000 	C:\Users\nihaoa\AppData\Local\Temp\seetaface6\windows\amd64\base\CPU\tennis_pentium.dll
0x00007ff8224e0000 - 0x00007ff8227b8000 	C:\Users\nihaoa\AppData\Local\Temp\seetaface6\windows\amd64\base\CPU\tennis_haswell.dll
0x00007ff87d650000 - 0x00007ff87d671000 	C:\Users\nihaoa\AppData\Local\Temp\seetaface6\windows\amd64\FaceAntiSpoofingX6JNI.dll
0x00007ff8aa8c0000 - 0x00007ff8aa8cc000 	C:\WINDOWS\SYSTEM32\CRYPTBASE.DLL
0x00007ff87e960000 - 0x00007ff87e97f000 	C:\Users\nihaoa\AppData\Local\Temp\seetaface6\windows\amd64\SeetaMaskDetectorJNI.dll
0x00007ff87d440000 - 0x00007ff87d461000 	C:\Users\nihaoa\AppData\Local\Temp\seetaface6\windows\amd64\SeetaGenderPredictorJNI.dll
0x00007ff87e490000 - 0x00007ff87e4b0000 	C:\Users\nihaoa\AppData\Local\Temp\seetaface6\windows\amd64\SeetaEyeStateDetectorJNI.dll
0x00007ff87c600000 - 0x00007ff87c621000 	C:\Users\nihaoa\AppData\Local\Temp\seetaface6\windows\amd64\SeetaAgePredictorJNI.dll
0x00007ff87c220000 - 0x00007ff87c243000 	C:\Users\nihaoa\AppData\Local\Temp\seetaface6\windows\amd64\QualityAssessor3JNI.dll
0x00007ff87e3b0000 - 0x00007ff87e3cf000 	C:\Users\nihaoa\AppData\Local\Temp\seetaface6\windows\amd64\PoseEstimator6JNI.dll
0x00007ff87ba00000 - 0x00007ff87ba21000 	C:\Users\nihaoa\AppData\Local\Temp\seetaface6\windows\amd64\LandmarkerJNI.dll
0x00007ff87df10000 - 0x00007ff87df2f000 	C:\Users\nihaoa\AppData\Local\Temp\seetaface6\windows\amd64\FaceTracker6JNI.dll
0x00007ff87b760000 - 0x00007ff87b781000 	C:\Users\nihaoa\AppData\Local\Temp\seetaface6\windows\amd64\FaceBoxesJNI.dll
0x00007ff87b6d0000 - 0x00007ff87b6f4000 	C:\Users\nihaoa\AppData\Local\Temp\seetaface6\windows\amd64\FaceRecognizer6JNI.dll
0x00007ff8aa130000 - 0x00007ff8aa148000 	C:\WINDOWS\SYSTEM32\kernel.appcore.dll
0x00007ff858d90000 - 0x00007ff858f29000 	D:\Program Files\Java\jdk1.8.0_202\jre\bin\awt.dll
0x00007ff8a5e70000 - 0x00007ff8a5f07000 	C:\WINDOWS\SYSTEM32\apphelp.dll
0x00007ff879d90000 - 0x00007ff879dc1000 	D:\Program Files\Java\jdk1.8.0_202\jre\bin\jpeg.dll
0x00007ff8a8680000 - 0x00007ff8a88b2000 	C:\WINDOWS\SYSTEM32\dbghelp.dll
0x00007ff8ab950000 - 0x00007ff8ab9cb000 	C:\WINDOWS\System32\bcryptPrimitives.dll

VM Arguments:
jvm_args: -javaagent:D:\Program Files\JetBrains\IntelliJ IDEA 2023.3.4\lib\idea_rt.jar=7146:D:\Program Files\JetBrains\IntelliJ IDEA 2023.3.4\bin -Dfile.encoding=UTF-8 
java_command: com.dhcc.tmp.Person
java_class_path (initial): D:\Program Files\Java\jdk1.8.0_202\jre\lib\charsets.jar;D:\Program Files\Java\jdk1.8.0_202\jre\lib\deploy.jar;D:\Program Files\Java\jdk1.8.0_202\jre\lib\ext\access-bridge-64.jar;D:\Program Files\Java\jdk1.8.0_202\jre\lib\ext\cldrdata.jar;D:\Program Files\Java\jdk1.8.0_202\jre\lib\ext\dnsns.jar;D:\Program Files\Java\jdk1.8.0_202\jre\lib\ext\jaccess.jar;D:\Program Files\Java\jdk1.8.0_202\jre\lib\ext\jfxrt.jar;D:\Program Files\Java\jdk1.8.0_202\jre\lib\ext\localedata.jar;D:\Program Files\Java\jdk1.8.0_202\jre\lib\ext\nashorn.jar;D:\Program Files\Java\jdk1.8.0_202\jre\lib\ext\sunec.jar;D:\Program Files\Java\jdk1.8.0_202\jre\lib\ext\sunjce_provider.jar;D:\Program Files\Java\jdk1.8.0_202\jre\lib\ext\sunmscapi.jar;D:\Program Files\Java\jdk1.8.0_202\jre\lib\ext\sunpkcs11.jar;D:\Program Files\Java\jdk1.8.0_202\jre\lib\ext\zipfs.jar;D:\Program Files\Java\jdk1.8.0_202\jre\lib\javaws.jar;D:\Program Files\Java\jdk1.8.0_202\jre\lib\jce.jar;D:\Program Files\Java\jdk1.8.0_202\jre\lib\jfr.jar;D:\Program Files\Java\jdk1.8.0_202\jre\lib\jfxswt.jar;D:\Program Files\Java\jdk1.8.0_202\jre\lib\jsse.jar;D:\Program Files\Java\jdk1.8.0_202\jre\lib\management-agent.jar;D:\Program Files\Java\jdk1.8.0_202\jre\lib\plugin.jar;D:\Program Files\Java\jdk1.8.0_202\jre\lib\resources.jar;D:\Program Files\Java\jdk1.8.0_202\jre\lib\rt.jar;D:\Develop\response\Demo\study\enjoy\weibo\target\classes;D:\Develop\apache-maven-3.8.5\response\com\squareup\okhttp3\okhttp\4.9.3\okhttp-4.9.3.jar;D:\Develop\apache-maven-3.8.5\response\com\squareup\okio\okio\2.8.0\okio-2.8.0.jar;D:\Develop\apache-maven-3.8.5\response\com\squareup\okhttp3\logging-interceptor\4.9.3\logging-interceptor-4.9.3.jar;D:\Develop\apache-maven-3.8.5\response\org\jetbrains\kotlin\kotlin-stdlib-jdk8\1.2.31\kotlin-stdlib-jdk8-1.2.31.jar;D:\Develop\apache-maven-3.8.5\response\org\jetbrains\kotlin\kotlin-stdlib-jdk7\1.2.31\kotlin-stdlib-jdk7-1.2.31.jar;D:\Develop\apache-maven-3.8.5\response\org\jsoup\jsoup\1.14.3\jsoup-1.
Launcher Type: SUN_STANDARD

Environment Variables:
PATH=C:\Program Files\NVIDIA GPU Computing Toolkit\CUDA\v12.4\bin;C:\Program Files\NVIDIA GPU Computing Toolkit\CUDA\v12.4\libnvvp;;D:\Program Files (x86)\VMware\VMware Workstation\bin\;C:\WINDOWS\system32;C:\WINDOWS;C:\WINDOWS\System32\Wbem;C:\WINDOWS\System32\WindowsPowerShell\v1.0\;C:\WINDOWS\System32\OpenSSH\;C:\Program Files\dotnet\;D:\Program Files\Git\cmd;D:\Program Files (x86)\NetSarang\Xmanager 7\;D:\Program Files (x86)\NetSarang\Xshell 7\;D:\Program Files (x86)\NetSarang\Xftp 7\;D:\Program Files (x86)\NetSarang\Xlpd 7\;C:\Program Files (x86)\PuTTY\;D:\Program Files\TortoiseGit\bin;C:\Program Files\NVIDIA Corporation\NVIDIA NvDLISR;C:\Program Files (x86)\NVIDIA Corporation\PhysX\Common;C:\Program Files\NVIDIA Corporation\Nsight Compute 2024.1.0\;C:\Users\nihaoa\AppData\Local\Programs\Python\Python310\Scripts\;C:\Users\nihaoa\AppData\Local\Programs\Python\Python310\;C:\Users\nihaoa\AppData\Local\Microsoft\WindowsApps;D:\Program Files\Bandizip\;C:\Users\nihaoa\AppData\Local\Programs\EmEditor
USERNAME=nihaoa
OS=Windows_NT
PROCESSOR_IDENTIFIER=AMD64 Family 25 Model 33 Stepping 2, AuthenticAMD



---------------  S Y S T E M  ---------------

OS: Windows 10.0 , 64 bit Build 22621 (10.0.22621.3958)

CPU:total 16 (initial active 16) (16 cores per cpu, 1 threads per core) family 25 model 33 stepping 2, cmov, cx8, fxsr, mmx, sse, sse2, sse3, ssse3, sse4.1, sse4.2, popcnt, avx, avx2, aes, clmul, erms, mmxext, 3dnowpref, lzcnt, sse4a, tsc, tscinvbit, tscinv, bmi1

Memory: 4k page, physical 50239416k(19637068k free), swap 57694072k(12478576k free)

vm_info: Java HotSpot(TM) 64-Bit Server VM (25.202-b08) for windows-amd64 JRE (1.8.0_202-b08), built on Dec 15 2018 19:54:30 by "java_re" with MS VC++ 10.0 (VS2010)

time: Tue Sep 10 15:07:24 2024
timezone: 中国标准时间
elapsed time: 1 seconds (0d 0h 0m 1s)

