#
# A fatal error has been detected by the Java Runtime Environment:
#
#  EXCEPTION_UNCAUGHT_CXX_EXCEPTION (0xe06d7363) at pc=0x00007ff8ab0bfabc, pid=27424, tid=0x0000000000003ddc
#
# JRE version: Java(TM) SE Runtime Environment (8.0_202-b08) (build 1.8.0_202-b08)
# Java VM: Java HotSpot(TM) 64-Bit Server VM (25.202-b08 mixed mode windows-amd64 compressed oops)
# Problematic frame:
# C  [KERNELBASE.dll+0x5fabc]
#
# Failed to write core dump. Minidumps are not enabled by default on client versions of Windows
#
# If you would like to submit a bug report, please visit:
#   http://bugreport.java.com/bugreport/crash.jsp
# The crash happened outside the Java Virtual Machine in native code.
# See problematic frame for where to report the bug.
#

---------------  T H R E A D  ---------------

Current thread (0x0000000035304800):  JavaThread "pool-2-thread-3" [_thread_in_native, id=15836, stack(0x0000000036be0000,0x0000000036ce0000)]

siginfo: ExceptionCode=0xe06d7363, ExceptionInformation=0x0000000019930520 0x0000000036cdeaf8 0x00007ff87e8c29e0 0x00007ff87e8a0000 

Registers:
RAX=0x0000000000000070, RBX=0x00007ff87e8c29e0, RCX=0x000000003615aee0, RDX=0x00007ff8ab451966
RSP=0x0000000036cde7b0, RBP=0x0000000036cde9f0, RSI=0x0000000036cdeaf8, RDI=0x0000000019930520
R8 =0x0000000000000000, R9 =0x00000000007902bc, R10=0x0000000000000070, R11=0x00000000353049f8
R12=0x0000000000878e30, R13=0x000000000000039c, R14=0x0000000000878ed0, R15=0x0000000000000780
RIP=0x00007ff8ab0bfabc, EFLAGS=0x0000000000000206

Top of Stack: (sp=0x0000000036cde7b0)
0x0000000036cde7b0:   0000000036cdeb10 00007ff87e8c29e0
0x0000000036cde7c0:   0000000036cdeaf8 0000000000878ed0
0x0000000036cde7d0:   00000081e06d7363 0000000000000000
0x0000000036cde7e0:   00007ff8ab0bfabc 0000000000000004
0x0000000036cde7f0:   0000000019930520 0000000036cdeaf8
0x0000000036cde800:   00007ff87e8c29e0 00007ff87e8a0000
0x0000000036cde810:   0000000000000000 0000000000810000
0x0000000036cde820:   0000000000000000 00007ff87e8c29e0
0x0000000036cde830:   0000000000878ed0 00007ff8add86acf
0x0000000036cde840:   0000000036cde8b0 00007ff87e8c7000
0x0000000036cde850:   0000000036cdeaf8 0000000019930520
0x0000000036cde860:   00007ff87e8c7000 00007ff87e8a0000
0x0000000036cde870:   0000a1f5f46edf93 00007ff87e8a3266
0x0000000036cde880:   00007ff87e8c29e0 00007ff8a5e56ba7
0x0000000036cde890:   00007ff87e8ba450 000000000000006f
0x0000000036cde8a0:   fffffffffffffffe 0000000036cdeaf8 

Instructions: (pc=0x00007ff8ab0bfabc)
0x00007ff8ab0bfa9c:   0f 46 c0 44 8b c0 44 89 44 24 38 49 c1 e0 03 e8
0x00007ff8ab0bfaac:   47 22 07 00 48 8d 4c 24 20 48 ff 15 e4 52 20 00
0x00007ff8ab0bfabc:   0f 1f 44 00 00 48 8b 8c 24 c0 00 00 00 48 33 cc
0x00007ff8ab0bfacc:   e8 4f 09 05 00 48 81 c4 d8 00 00 00 c3 cc 83 64 


Register to memory mapping:

RAX=0x0000000000000070 is an unknown value
RBX=0x00007ff87e8c29e0 is an unknown value
RCX=0x000000003615aee0 is an unknown value
RDX=0x00007ff8ab451966 is an unknown value
RSP=0x0000000036cde7b0 is pointing into the stack for thread: 0x0000000035304800
RBP=0x0000000036cde9f0 is pointing into the stack for thread: 0x0000000035304800
RSI=0x0000000036cdeaf8 is pointing into the stack for thread: 0x0000000035304800
RDI=0x0000000019930520 is an unknown value
R8 =0x0000000000000000 is an unknown value
R9 =0x00000000007902bc is an unknown value
R10=0x0000000000000070 is an unknown value
R11=0x00000000353049f8 is an unknown value
R12=0x0000000000878e30 is an unknown value
R13=0x000000000000039c is an unknown value
R14=0x0000000000878ed0 is an unknown value
R15=0x0000000000000780 is an unknown value


Stack: [0x0000000036be0000,0x0000000036ce0000],  sp=0x0000000036cde7b0,  free space=1017k
Native frames: (J=compiled Java code, j=interpreted, Vv=VM code, C=native code)
C  [KERNELBASE.dll+0x5fabc]
C  [VCRUNTIME140.dll+0x6ba7]
C  [SeetaFaceDetector600.dll+0x9b7d]
C  [SeetaFaceDetector600.dll+0x9891]
C  [FaceBoxesJNI.dll+0x21e4]
C  0x0000000002ea8627

Java frames: (J=compiled Java code, j=interpreted, Vv=VM code)
j  com.seeta.sdk.FaceDetector.Detect(Lcom/seeta/sdk/SeetaImageData;)[Lcom/seeta/sdk/SeetaRect;+0
j  com.dhcc.tmp.Person.processImage(Ljava/io/File;Ljava/lang/String;Lcom/seeta/sdk/FaceDetector;)V+14
j  com.dhcc.tmp.Person.lambda$main$0(Ljava/io/File;Ljava/lang/String;Lcom/seeta/sdk/FaceDetector;)V+3
j  com.dhcc.tmp.Person$$Lambda$9.run()V+12
j  java.util.concurrent.ThreadPoolExecutor.runWorker(Ljava/util/concurrent/ThreadPoolExecutor$Worker;)V+95
j  java.util.concurrent.ThreadPoolExecutor$Worker.run()V+5
j  java.lang.Thread.run()V+11
v  ~StubRoutines::call_stub

---------------  P R O C E S S  ---------------

Java Threads: ( => current thread )
  0x0000000035315000 JavaThread "Java2D Disposer" daemon [_thread_blocked, id=43060, stack(0x0000000036de0000,0x0000000036ee0000)]
  0x0000000035305000 JavaThread "pool-2-thread-4" [_thread_in_native, id=33292, stack(0x0000000036ce0000,0x0000000036de0000)]
=>0x0000000035304800 JavaThread "pool-2-thread-3" [_thread_in_native, id=15836, stack(0x0000000036be0000,0x0000000036ce0000)]
  0x0000000035303800 JavaThread "pool-2-thread-2" [_thread_in_native, id=2784, stack(0x0000000036ae0000,0x0000000036be0000)]
  0x0000000035301000 JavaThread "pool-2-thread-1" [_thread_in_Java, id=17480, stack(0x00000000361e0000,0x00000000362e0000)]
  0x0000000035260000 JavaThread "Log4j2-TF-7-AsyncLoggerConfig--3" daemon [_thread_blocked, id=7380, stack(0x0000000035ce0000,0x0000000035de0000)]
  0x000000003525d000 JavaThread "Log4j2-TF-6-Scheduled-2" daemon [_thread_blocked, id=12592, stack(0x0000000035be0000,0x0000000035ce0000)]
  0x0000000034e63000 JavaThread "Log4j2-TF-1-AsyncLogger[AsyncContext@18b4aac2]-1" daemon [_thread_blocked, id=36388, stack(0x00000000357a0000,0x00000000358a0000)]
  0x0000000033304000 JavaThread "Service Thread" daemon [_thread_blocked, id=30780, stack(0x00000000344d0000,0x00000000345d0000)]
  0x000000003321a000 JavaThread "C1 CompilerThread11" daemon [_thread_blocked, id=52772, stack(0x00000000343d0000,0x00000000344d0000)]
  0x0000000033221000 JavaThread "C1 CompilerThread10" daemon [_thread_blocked, id=53196, stack(0x00000000342d0000,0x00000000343d0000)]
  0x000000003321f800 JavaThread "C1 CompilerThread9" daemon [_thread_blocked, id=32704, stack(0x00000000341d0000,0x00000000342d0000)]
  0x000000003321e800 JavaThread "C1 CompilerThread8" daemon [_thread_blocked, id=28572, stack(0x00000000340d0000,0x00000000341d0000)]
  0x000000003321b800 JavaThread "C2 CompilerThread7" daemon [_thread_blocked, id=16508, stack(0x0000000033fd0000,0x00000000340d0000)]
  0x000000003321e000 JavaThread "C2 CompilerThread6" daemon [_thread_blocked, id=22244, stack(0x0000000033ed0000,0x0000000033fd0000)]
  0x0000000033220000 JavaThread "C2 CompilerThread5" daemon [_thread_blocked, id=10588, stack(0x0000000033dd0000,0x0000000033ed0000)]
  0x000000003321b000 JavaThread "C2 CompilerThread4" daemon [_thread_blocked, id=9816, stack(0x0000000033cd0000,0x0000000033dd0000)]
  0x000000003321d000 JavaThread "C2 CompilerThread3" daemon [_thread_blocked, id=38608, stack(0x0000000033bd0000,0x0000000033cd0000)]
  0x0000000033216800 JavaThread "C2 CompilerThread2" daemon [_thread_blocked, id=33380, stack(0x0000000033ad0000,0x0000000033bd0000)]
  0x0000000033213800 JavaThread "C2 CompilerThread1" daemon [_thread_blocked, id=36380, stack(0x00000000339d0000,0x0000000033ad0000)]
  0x0000000033211000 JavaThread "C2 CompilerThread0" daemon [_thread_blocked, id=34740, stack(0x00000000338d0000,0x00000000339d0000)]
  0x00000000331d2800 JavaThread "Monitor Ctrl-Break" daemon [_thread_in_native, id=32448, stack(0x00000000337d0000,0x00000000338d0000)]
  0x0000000031475800 JavaThread "Attach Listener" daemon [_thread_blocked, id=30368, stack(0x0000000032ec0000,0x0000000032fc0000)]
  0x000000003141e000 JavaThread "Signal Dispatcher" daemon [_thread_blocked, id=16180, stack(0x0000000032dc0000,0x0000000032ec0000)]
  0x000000002f98a800 JavaThread "Finalizer" daemon [_thread_blocked, id=40020, stack(0x0000000032c50000,0x0000000032d50000)]
  0x00000000313f6000 JavaThread "Reference Handler" daemon [_thread_blocked, id=45592, stack(0x0000000032b50000,0x0000000032c50000)]
  0x0000000002c02800 JavaThread "main" [_thread_blocked, id=32924, stack(0x0000000002b00000,0x0000000002c00000)]

Other Threads:
  0x000000002f979800 VMThread [stack: 0x0000000032a50000,0x0000000032b50000] [id=40200]
  0x00000000331d3000 WatcherThread [stack: 0x00000000346d0000,0x00000000347d0000] [id=9364]

VM state:not at safepoint (normal execution)

VM Mutex/Monitor currently owned by a thread: None

heap address: 0x00000004c1600000, size: 12266 MB, Compressed Oops mode: Zero based, Oop shift amount: 3
Narrow klass base: 0x0000000000000000, Narrow klass shift: 3
Compressed class space size: 1073741824 Address: 0x00000007c0000000

Heap:
 PSYoungGen      total 229376K, used 225787K [0x00000006c0780000, 0x00000006dc780000, 0x00000007c0000000)
  eden space 196608K, 98% used [0x00000006c0780000,0x00000006cc4036b8,0x00000006cc780000)
  from space 32768K, 99% used [0x00000006cc780000,0x00000006ce77b668,0x00000006ce780000)
  to   space 32768K, 0% used [0x00000006da780000,0x00000006da780000,0x00000006dc780000)
 ParOldGen       total 524288K, used 153065K [0x00000004c1600000, 0x00000004e1600000, 0x00000006c0780000)
  object space 524288K, 29% used [0x00000004c1600000,0x00000004cab7a5d0,0x00000004e1600000)
 Metaspace       used 14263K, capacity 14492K, committed 14720K, reserved 1062912K
  class space    used 1732K, capacity 1818K, committed 1920K, reserved 1048576K

Card table byte_map: [0x0000000012250000,0x0000000013a50000] byte_map_base: 0x000000000fc45000

Marking Bits: (ParMarkBitMap*) 0x0000000068ec5ce0
 Begin Bits: [0x0000000015750000, 0x00000000216f8000)
 End Bits:   [0x00000000216f8000, 0x000000002d6a0000)

Polling page: 0x0000000000df0000

CodeCache: size=245760Kb used=6263Kb max_used=6275Kb free=239496Kb
 bounds [0x0000000002e90000, 0x00000000034c0000, 0x0000000011e90000]
 total_blobs=1779 nmethods=1364 adapters=325
 compilation: enabled

Compilation events (10 events):
Event: 0.997 Thread 0x000000003321f800 1360 %     3       com.seeta.sdk.util.SeetafaceUtil::getBgr @ 76 (145 bytes)
Event: 0.998 Thread 0x000000003321f800 nmethod 1360% 0x00000000034ab650 code [0x00000000034ab880, 0x00000000034ac718]
Event: 0.998 Thread 0x000000003321e800 1361       3       com.seeta.sdk.util.SeetafaceUtil::getBgr (145 bytes)
Event: 0.998 Thread 0x000000003321e800 nmethod 1361 0x00000000034aa1d0 code [0x00000000034aa3e0, 0x00000000034ab158]
Event: 0.998 Thread 0x000000003321d000 1362 %     4       com.seeta.sdk.util.SeetafaceUtil::getBgr @ 76 (145 bytes)
Event: 1.000 Thread 0x000000003321d000 nmethod 1362% 0x00000000034a1590 code [0x00000000034a16e0, 0x00000000034a1a18]
Event: 1.050 Thread 0x000000003321a000 1363 %     3       com.seeta.sdk.util.SeetafaceUtil::getBgr @ 76 (145 bytes)
Event: 1.051 Thread 0x000000003321a000 nmethod 1363% 0x00000000034b2390 code [0x00000000034b25c0, 0x00000000034b3458]
Event: 1.052 Thread 0x0000000033220000 1364 %     4       com.seeta.sdk.util.SeetafaceUtil::getBgr @ 76 (145 bytes)
Event: 1.055 Thread 0x0000000033220000 nmethod 1364% 0x00000000034a0f50 code [0x00000000034a10a0, 0x00000000034a1418]

GC Heap History (2 events):
Event: 0.913 GC heap before
{Heap before GC invocations=1 (full 0):
 PSYoungGen      total 229376K, used 195092K [0x00000006c0780000, 0x00000006d0780000, 0x00000007c0000000)
  eden space 196608K, 99% used [0x00000006c0780000,0x00000006cc605190,0x00000006cc780000)
  from space 32768K, 0% used [0x00000006ce780000,0x00000006ce780000,0x00000006d0780000)
  to   space 32768K, 0% used [0x00000006cc780000,0x00000006cc780000,0x00000006ce780000)
 ParOldGen       total 524288K, used 5197K [0x00000004c1600000, 0x00000004e1600000, 0x00000006c0780000)
  object space 524288K, 0% used [0x00000004c1600000,0x00000004c1b13610,0x00000004e1600000)
 Metaspace       used 14158K, capacity 14396K, committed 14592K, reserved 1062912K
  class space    used 1725K, capacity 1786K, committed 1792K, reserved 1048576K
Event: 0.933 GC heap after
Heap after GC invocations=1 (full 0):
 PSYoungGen      total 229376K, used 32749K [0x00000006c0780000, 0x00000006dc780000, 0x00000007c0000000)
  eden space 196608K, 0% used [0x00000006c0780000,0x00000006c0780000,0x00000006cc780000)
  from space 32768K, 99% used [0x00000006cc780000,0x00000006ce77b668,0x00000006ce780000)
  to   space 32768K, 0% used [0x00000006da780000,0x00000006da780000,0x00000006dc780000)
 ParOldGen       total 524288K, used 119581K [0x00000004c1600000, 0x00000004e1600000, 0x00000006c0780000)
  object space 524288K, 22% used [0x00000004c1600000,0x00000004c8ac7770,0x00000004e1600000)
 Metaspace       used 14158K, capacity 14396K, committed 14592K, reserved 1062912K
  class space    used 1725K, capacity 1786K, committed 1792K, reserved 1048576K
}

Deoptimization events (10 events):
Event: 0.465 Thread 0x0000000002c02800 Uncommon trap: reason=unstable_if action=reinterpret pc=0x00000000032b41a4 method=java.util.HashMap.getNode(ILjava/lang/Object;)Ljava/util/HashMap$Node; @ 129
Event: 0.465 Thread 0x0000000002c02800 Uncommon trap: reason=unstable_if action=reinterpret pc=0x00000000032b3660 method=java.util.HashMap.getNode(ILjava/lang/Object;)Ljava/util/HashMap$Node; @ 129
Event: 0.472 Thread 0x0000000002c02800 Uncommon trap: reason=range_check action=make_not_entrant pc=0x00000000032c32e8 method=sun.reflect.generics.parser.SignatureParser.current()C @ 34
Event: 0.503 Thread 0x0000000002c02800 Uncommon trap: reason=unstable_if action=reinterpret pc=0x00000000032acf84 method=java.io.WinNTFileSystem.normalize(Ljava/lang/String;II)Ljava/lang/String; @ 8
Event: 0.544 Thread 0x0000000002c02800 Uncommon trap: reason=class_check action=maybe_recompile pc=0x000000000333e304 method=java.util.HashMap.putVal(ILjava/lang/Object;Ljava/lang/Object;ZZ)Ljava/lang/Object; @ 203
Event: 0.544 Thread 0x0000000002c02800 Uncommon trap: reason=class_check action=maybe_recompile pc=0x000000000333e304 method=java.util.HashMap.putVal(ILjava/lang/Object;Ljava/lang/Object;ZZ)Ljava/lang/Object; @ 203
Event: 0.548 Thread 0x0000000002c02800 Uncommon trap: reason=class_check action=maybe_recompile pc=0x000000000333e304 method=java.util.HashMap.putVal(ILjava/lang/Object;Ljava/lang/Object;ZZ)Ljava/lang/Object; @ 203
Event: 0.557 Thread 0x0000000002c02800 Uncommon trap: reason=class_check action=maybe_recompile pc=0x000000000333e304 method=java.util.HashMap.putVal(ILjava/lang/Object;Ljava/lang/Object;ZZ)Ljava/lang/Object; @ 203
Event: 0.742 Thread 0x0000000002c02800 Uncommon trap: reason=unstable_if action=reinterpret pc=0x000000000313c000 method=java.lang.CharacterData.of(I)Ljava/lang/CharacterData; @ 4
Event: 1.002 Thread 0x0000000035304800 Uncommon trap: reason=unstable_if action=reinterpret pc=0x00000000034a1900 method=com.seeta.sdk.util.SeetafaceUtil.getBgr(Ljava/awt/image/BufferedImage;)[B @ 79

Classes redefined (0 events):
No events

Internal exceptions (10 events):
Event: 0.153 Thread 0x0000000002c02800 Exception <a 'java/security/PrivilegedActionException'> (0x00000006c0b0d0a8) thrown at [C:\re\workspace\8-2-build-windows-amd64-cygwin\jdk8u202\12323\hotspot\src\share\vm\prims\jvm.cpp, line 1502]
Event: 0.154 Thread 0x0000000002c02800 Exception <a 'java/security/PrivilegedActionException'> (0x00000006c0b10fb8) thrown at [C:\re\workspace\8-2-build-windows-amd64-cygwin\jdk8u202\12323\hotspot\src\share\vm\prims\jvm.cpp, line 1502]
Event: 0.154 Thread 0x0000000002c02800 Exception <a 'java/security/PrivilegedActionException'> (0x00000006c0b111c8) thrown at [C:\re\workspace\8-2-build-windows-amd64-cygwin\jdk8u202\12323\hotspot\src\share\vm\prims\jvm.cpp, line 1502]
Event: 0.472 Thread 0x0000000002c02800 Exception <a 'java/lang/ArrayIndexOutOfBoundsException': 18> (0x00000006c56c5750) thrown at [C:\re\workspace\8-2-build-windows-amd64-cygwin\jdk8u202\12323\hotspot\src\share\vm\interpreter\interpreterRuntime.cpp, line 368]
Event: 0.472 Thread 0x0000000002c02800 Exception <a 'java/lang/ArrayIndexOutOfBoundsException': 110> (0x00000006c56c74f0) thrown at [C:\re\workspace\8-2-build-windows-amd64-cygwin\jdk8u202\12323\hotspot\src\share\vm\interpreter\interpreterRuntime.cpp, line 368]
Event: 0.564 Thread 0x0000000002c02800 Exception <a 'java/lang/NoSuchMethodError': org.slf4j.impl.StaticMarkerBinder.getSingleton()Lorg/slf4j/impl/StaticMarkerBinder;> (0x00000006c67d39e8) thrown at [C:\re\workspace\8-2-build-windows-amd64-cygwin\jdk8u202\12323\hotspot\src\share\vm\interpreter
Event: 0.588 Thread 0x0000000002c02800 Exception <a 'java/lang/NoSuchFieldError': method resolution failed> (0x00000006c69931d0) thrown at [C:\re\workspace\8-2-build-windows-amd64-cygwin\jdk8u202\12323\hotspot\src\share\vm\prims\methodHandles.cpp, line 1167]
Event: 0.589 Thread 0x0000000002c02800 Exception <a 'java/lang/NoSuchFieldError': method resolution failed> (0x00000006c69a0d60) thrown at [C:\re\workspace\8-2-build-windows-amd64-cygwin\jdk8u202\12323\hotspot\src\share\vm\prims\methodHandles.cpp, line 1167]
Event: 0.598 Thread 0x0000000002c02800 Exception <a 'java/lang/NoSuchMethodError': java.lang.Object.lambda$comparing$77a9974f$1(Ljava/util/function/Function;Ljava/lang/Object;Ljava/lang/Object;)I> (0x00000006c6a45100) thrown at [C:\re\workspace\8-2-build-windows-amd64-cygwin\jdk8u202\12323\hot
Event: 0.833 Thread 0x0000000035303800 Exception <a 'java/io/FileNotFoundException'> (0x00000006c73587d0) thrown at [C:\re\workspace\8-2-build-windows-amd64-cygwin\jdk8u202\12323\hotspot\src\share\vm\prims\jni.cpp, line 710]

Events (10 events):
Event: 1.055 loading class sun/util/locale/provider/TimeZoneNameProviderImpl
Event: 1.055 loading class sun/util/locale/provider/TimeZoneNameProviderImpl done
Event: 1.056 loading class sun/util/locale/provider/TimeZoneNameUtility$TimeZoneNameGetter
Event: 1.056 loading class sun/util/locale/provider/TimeZoneNameUtility$TimeZoneNameGetter done
Event: 1.056 loading class sun/util/resources/TimeZoneNames
Event: 1.057 loading class sun/util/resources/TimeZoneNamesBundle
Event: 1.058 loading class sun/util/resources/TimeZoneNamesBundle done
Event: 1.058 loading class sun/util/resources/TimeZoneNames done
Event: 1.058 loading class sun/util/resources/en/TimeZoneNames_en
Event: 1.058 loading class sun/util/resources/en/TimeZoneNames_en done


Dynamic libraries:
0x00007ff7f6660000 - 0x00007ff7f6697000 	D:\Program Files\Java\jdk1.8.0_202\bin\java.exe
0x00007ff8add10000 - 0x00007ff8adf27000 	C:\WINDOWS\SYSTEM32\ntdll.dll
0x00007ff8ac3a0000 - 0x00007ff8ac464000 	C:\WINDOWS\System32\KERNEL32.DLL
0x00007ff8ab060000 - 0x00007ff8ab40d000 	C:\WINDOWS\System32\KERNELBASE.dll
0x00007ff8ac720000 - 0x00007ff8ac7d2000 	C:\WINDOWS\System32\ADVAPI32.dll
0x00007ff8abd80000 - 0x00007ff8abe27000 	C:\WINDOWS\System32\msvcrt.dll
0x00007ff8ac890000 - 0x00007ff8ac939000 	C:\WINDOWS\System32\sechost.dll
0x00007ff8ab030000 - 0x00007ff8ab058000 	C:\WINDOWS\System32\bcrypt.dll
0x00007ff8ac5d0000 - 0x00007ff8ac6e4000 	C:\WINDOWS\System32\RPCRT4.dll
0x00007ff8aba50000 - 0x00007ff8abbfe000 	C:\WINDOWS\System32\USER32.dll
0x00007ff8ab410000 - 0x00007ff8ab436000 	C:\WINDOWS\System32\win32u.dll
0x00007ff8ac6f0000 - 0x00007ff8ac719000 	C:\WINDOWS\System32\GDI32.dll
0x00007ff8ab620000 - 0x00007ff8ab739000 	C:\WINDOWS\System32\gdi32full.dll
0x00007ff8ab740000 - 0x00007ff8ab7da000 	C:\WINDOWS\System32\msvcp_win.dll
0x00007ff8ab440000 - 0x00007ff8ab551000 	C:\WINDOWS\System32\ucrtbase.dll
0x00007ff8906a0000 - 0x00007ff890933000 	C:\WINDOWS\WinSxS\amd64_microsoft.windows.common-controls_6595b64144ccf1df_6.0.22621.3672_none_2713b9d173822955\COMCTL32.dll
0x00007ff8abd40000 - 0x00007ff8abd71000 	C:\WINDOWS\System32\IMM32.DLL
0x0000000068f50000 - 0x0000000069022000 	D:\Program Files\Java\jdk1.8.0_202\jre\bin\msvcr100.dll
0x00000000686a0000 - 0x0000000068f45000 	D:\Program Files\Java\jdk1.8.0_202\jre\bin\server\jvm.dll
0x00007ff8aba40000 - 0x00007ff8aba48000 	C:\WINDOWS\System32\PSAPI.DLL
0x00007ff8a3030000 - 0x00007ff8a3039000 	C:\WINDOWS\SYSTEM32\WSOCK32.dll
0x00007ff8a7260000 - 0x00007ff8a7294000 	C:\WINDOWS\SYSTEM32\WINMM.dll
0x00007ff8a6190000 - 0x00007ff8a619a000 	C:\WINDOWS\SYSTEM32\VERSION.dll
0x00007ff8ac7e0000 - 0x00007ff8ac851000 	C:\WINDOWS\System32\WS2_32.dll
0x00007ff8a5910000 - 0x00007ff8a591f000 	D:\Program Files\Java\jdk1.8.0_202\jre\bin\verify.dll
0x00007ff88dc00000 - 0x00007ff88dc29000 	D:\Program Files\Java\jdk1.8.0_202\jre\bin\java.dll
0x00007ff88da90000 - 0x00007ff88dab3000 	D:\Program Files\Java\jdk1.8.0_202\jre\bin\instrument.dll
0x00007ff89eef0000 - 0x00007ff89ef06000 	D:\Program Files\Java\jdk1.8.0_202\jre\bin\zip.dll
0x00007ff8aca40000 - 0x00007ff8ad2a7000 	C:\WINDOWS\System32\SHELL32.dll
0x00007ff8a8f60000 - 0x00007ff8a985f000 	C:\WINDOWS\SYSTEM32\windows.storage.dll
0x00007ff8ad940000 - 0x00007ff8adcce000 	C:\WINDOWS\System32\combase.dll
0x00007ff8a8e20000 - 0x00007ff8a8f5f000 	C:\WINDOWS\SYSTEM32\wintypes.dll
0x00007ff8ac2a0000 - 0x00007ff8ac399000 	C:\WINDOWS\System32\SHCORE.dll
0x00007ff8ad2b0000 - 0x00007ff8ad30e000 	C:\WINDOWS\System32\shlwapi.dll
0x00007ff8aaf60000 - 0x00007ff8aaf87000 	C:\WINDOWS\SYSTEM32\profapi.dll
0x00007ff8917a0000 - 0x00007ff8917ba000 	D:\Program Files\JetBrains\IntelliJ IDEA 2023.3.4\bin\breakgen64.dll
0x00007ff88da70000 - 0x00007ff88da8a000 	D:\Program Files\Java\jdk1.8.0_202\jre\bin\net.dll
0x00007ff89d6e0000 - 0x00007ff89d8d0000 	C:\WINDOWS\SYSTEM32\urlmon.dll
0x00007ff89a140000 - 0x00007ff89a3fe000 	C:\WINDOWS\SYSTEM32\iertutil.dll
0x00007ff89e6f0000 - 0x00007ff89e718000 	C:\WINDOWS\SYSTEM32\srvcli.dll
0x00007ff8a9b10000 - 0x00007ff8a9b1c000 	C:\WINDOWS\SYSTEM32\netutils.dll
0x00007ff8aa590000 - 0x00007ff8aa5f9000 	C:\WINDOWS\system32\mswsock.dll
0x00007ff8a6260000 - 0x00007ff8a626d000 	D:\Program Files\Java\jdk1.8.0_202\jre\bin\management.dll
0x00007ff89e570000 - 0x00007ff89e5bb000 	C:\Program Files (x86)\Sangfor\SSL\ClientComponent\SangforNspX64.dll
0x00007ff8ad310000 - 0x00007ff8ad4b5000 	C:\WINDOWS\System32\ole32.dll
0x00007ff8ac020000 - 0x00007ff8ac0f7000 	C:\WINDOWS\System32\OLEAUT32.dll
0x00007ff887db0000 - 0x00007ff887dc7000 	C:\WINDOWS\system32\napinsp.dll
0x00007ff8858d0000 - 0x00007ff8858eb000 	C:\WINDOWS\system32\pnrpnsp.dll
0x00007ff8a9b60000 - 0x00007ff8a9c58000 	C:\WINDOWS\SYSTEM32\DNSAPI.dll
0x00007ff8a9b30000 - 0x00007ff8a9b5d000 	C:\WINDOWS\SYSTEM32\IPHLPAPI.DLL
0x00007ff8ac290000 - 0x00007ff8ac299000 	C:\WINDOWS\System32\NSI.dll
0x00007ff884fe0000 - 0x00007ff884ff1000 	C:\WINDOWS\System32\winrnr.dll
0x00007ff884fc0000 - 0x00007ff884fd5000 	C:\WINDOWS\system32\wshbth.dll
0x00007ff884f90000 - 0x00007ff884fb7000 	C:\WINDOWS\system32\nlansp_c.dll
0x00007ff8a5410000 - 0x00007ff8a541a000 	C:\Windows\System32\rasadhlp.dll
0x00007ff8a68f0000 - 0x00007ff8a6973000 	C:\WINDOWS\System32\fwpuclnt.dll
0x00007ff88da50000 - 0x00007ff88da62000 	D:\Program Files\Java\jdk1.8.0_202\jre\bin\nio.dll
0x00007ff889150000 - 0x00007ff88917d000 	C:\Users\nihaoa\AppData\Local\Temp\seetaface6\windows\amd64\base\SeetaAuthorize.dll
0x00007ff8a5da0000 - 0x00007ff8a5e2d000 	C:\WINDOWS\SYSTEM32\MSVCP140.dll
0x00007ff8a5e50000 - 0x00007ff8a5e6d000 	C:\WINDOWS\SYSTEM32\VCRUNTIME140.dll
0x00007ff8a58e0000 - 0x00007ff8a58ec000 	C:\WINDOWS\SYSTEM32\VCRUNTIME140_1.dll
0x00007ff822d80000 - 0x00007ff823058000 	C:\Users\nihaoa\AppData\Local\Temp\seetaface6\windows\amd64\base\CPU\tennis.dll
0x00007ff888320000 - 0x00007ff88834e000 	C:\WINDOWS\SYSTEM32\VCOMP140.DLL
0x00007ff87e8a0000 - 0x00007ff87e8cb000 	C:\Users\nihaoa\AppData\Local\Temp\seetaface6\windows\amd64\base\SeetaFaceDetector600.dll
0x00007ff87e0a0000 - 0x00007ff87e0ce000 	C:\Users\nihaoa\AppData\Local\Temp\seetaface6\windows\amd64\base\SeetaAgePredictor600.dll
0x00007ff87dec0000 - 0x00007ff87deea000 	C:\Users\nihaoa\AppData\Local\Temp\seetaface6\windows\amd64\base\SeetaEyeStateDetector200.dll
0x00007ff872780000 - 0x00007ff8727c1000 	C:\Users\nihaoa\AppData\Local\Temp\seetaface6\windows\amd64\base\SeetaFaceAntiSpoofingX600.dll
0x00007ff87dd90000 - 0x00007ff87ddbd000 	C:\Users\nihaoa\AppData\Local\Temp\seetaface6\windows\amd64\base\SeetaFaceLandmarker600.dll
0x00007ff8675c0000 - 0x00007ff867607000 	C:\Users\nihaoa\AppData\Local\Temp\seetaface6\windows\amd64\base\SeetaFaceRecognizer610.dll
0x00007ff87dce0000 - 0x00007ff87dd0e000 	C:\Users\nihaoa\AppData\Local\Temp\seetaface6\windows\amd64\base\SeetaGenderPredictor600.dll
0x00007ff87d980000 - 0x00007ff87d9a9000 	C:\Users\nihaoa\AppData\Local\Temp\seetaface6\windows\amd64\base\SeetaMaskDetector200.dll
0x00007ff87d650000 - 0x00007ff87d67a000 	C:\Users\nihaoa\AppData\Local\Temp\seetaface6\windows\amd64\base\SeetaPoseEstimation600.dll
0x00007ff88da30000 - 0x00007ff88da41000 	C:\Users\nihaoa\AppData\Local\Temp\seetaface6\windows\amd64\base\SeetaFaceTracking600.dll
0x00007ff87c2e0000 - 0x00007ff87c313000 	C:\Users\nihaoa\AppData\Local\Temp\seetaface6\windows\amd64\base\SeetaQualityAssessor300.dll
0x00007ff822aa0000 - 0x00007ff822d78000 	C:\Users\nihaoa\AppData\Local\Temp\seetaface6\windows\amd64\base\CPU\tennis_sandy_bridge.dll
0x00007ff8227c0000 - 0x00007ff822a99000 	C:\Users\nihaoa\AppData\Local\Temp\seetaface6\windows\amd64\base\CPU\tennis_pentium.dll
0x00007ff8224e0000 - 0x00007ff8227b8000 	C:\Users\nihaoa\AppData\Local\Temp\seetaface6\windows\amd64\base\CPU\tennis_haswell.dll
0x00007ff87d440000 - 0x00007ff87d461000 	C:\Users\nihaoa\AppData\Local\Temp\seetaface6\windows\amd64\FaceAntiSpoofingX6JNI.dll
0x00007ff8aa8c0000 - 0x00007ff8aa8cc000 	C:\WINDOWS\SYSTEM32\CRYPTBASE.DLL
0x00007ff87e960000 - 0x00007ff87e97f000 	C:\Users\nihaoa\AppData\Local\Temp\seetaface6\windows\amd64\SeetaMaskDetectorJNI.dll
0x00007ff87c600000 - 0x00007ff87c621000 	C:\Users\nihaoa\AppData\Local\Temp\seetaface6\windows\amd64\SeetaGenderPredictorJNI.dll
0x00007ff87e490000 - 0x00007ff87e4b0000 	C:\Users\nihaoa\AppData\Local\Temp\seetaface6\windows\amd64\SeetaEyeStateDetectorJNI.dll
0x00007ff87c220000 - 0x00007ff87c241000 	C:\Users\nihaoa\AppData\Local\Temp\seetaface6\windows\amd64\SeetaAgePredictorJNI.dll
0x00007ff87ba00000 - 0x00007ff87ba23000 	C:\Users\nihaoa\AppData\Local\Temp\seetaface6\windows\amd64\QualityAssessor3JNI.dll
0x00007ff87e3b0000 - 0x00007ff87e3cf000 	C:\Users\nihaoa\AppData\Local\Temp\seetaface6\windows\amd64\PoseEstimator6JNI.dll
0x00007ff87b760000 - 0x00007ff87b781000 	C:\Users\nihaoa\AppData\Local\Temp\seetaface6\windows\amd64\LandmarkerJNI.dll
0x00007ff87df10000 - 0x00007ff87df2f000 	C:\Users\nihaoa\AppData\Local\Temp\seetaface6\windows\amd64\FaceTracker6JNI.dll
0x00007ff87b6d0000 - 0x00007ff87b6f1000 	C:\Users\nihaoa\AppData\Local\Temp\seetaface6\windows\amd64\FaceBoxesJNI.dll
0x00007ff879f80000 - 0x00007ff879fa4000 	C:\Users\nihaoa\AppData\Local\Temp\seetaface6\windows\amd64\FaceRecognizer6JNI.dll
0x00007ff8aa130000 - 0x00007ff8aa148000 	C:\WINDOWS\SYSTEM32\kernel.appcore.dll
0x00007ff8643c0000 - 0x00007ff864559000 	D:\Program Files\Java\jdk1.8.0_202\jre\bin\awt.dll
0x00007ff8a5e70000 - 0x00007ff8a5f07000 	C:\WINDOWS\SYSTEM32\apphelp.dll
0x00007ff879d90000 - 0x00007ff879dc1000 	D:\Program Files\Java\jdk1.8.0_202\jre\bin\jpeg.dll
0x00007ff8a8680000 - 0x00007ff8a88b2000 	C:\WINDOWS\SYSTEM32\dbghelp.dll
0x00007ff8ab950000 - 0x00007ff8ab9cb000 	C:\WINDOWS\System32\bcryptPrimitives.dll

VM Arguments:
jvm_args: -javaagent:D:\Program Files\JetBrains\IntelliJ IDEA 2023.3.4\lib\idea_rt.jar=7534:D:\Program Files\JetBrains\IntelliJ IDEA 2023.3.4\bin -Dfile.encoding=UTF-8 
java_command: com.dhcc.tmp.Person
java_class_path (initial): D:\Program Files\Java\jdk1.8.0_202\jre\lib\charsets.jar;D:\Program Files\Java\jdk1.8.0_202\jre\lib\deploy.jar;D:\Program Files\Java\jdk1.8.0_202\jre\lib\ext\access-bridge-64.jar;D:\Program Files\Java\jdk1.8.0_202\jre\lib\ext\cldrdata.jar;D:\Program Files\Java\jdk1.8.0_202\jre\lib\ext\dnsns.jar;D:\Program Files\Java\jdk1.8.0_202\jre\lib\ext\jaccess.jar;D:\Program Files\Java\jdk1.8.0_202\jre\lib\ext\jfxrt.jar;D:\Program Files\Java\jdk1.8.0_202\jre\lib\ext\localedata.jar;D:\Program Files\Java\jdk1.8.0_202\jre\lib\ext\nashorn.jar;D:\Program Files\Java\jdk1.8.0_202\jre\lib\ext\sunec.jar;D:\Program Files\Java\jdk1.8.0_202\jre\lib\ext\sunjce_provider.jar;D:\Program Files\Java\jdk1.8.0_202\jre\lib\ext\sunmscapi.jar;D:\Program Files\Java\jdk1.8.0_202\jre\lib\ext\sunpkcs11.jar;D:\Program Files\Java\jdk1.8.0_202\jre\lib\ext\zipfs.jar;D:\Program Files\Java\jdk1.8.0_202\jre\lib\javaws.jar;D:\Program Files\Java\jdk1.8.0_202\jre\lib\jce.jar;D:\Program Files\Java\jdk1.8.0_202\jre\lib\jfr.jar;D:\Program Files\Java\jdk1.8.0_202\jre\lib\jfxswt.jar;D:\Program Files\Java\jdk1.8.0_202\jre\lib\jsse.jar;D:\Program Files\Java\jdk1.8.0_202\jre\lib\management-agent.jar;D:\Program Files\Java\jdk1.8.0_202\jre\lib\plugin.jar;D:\Program Files\Java\jdk1.8.0_202\jre\lib\resources.jar;D:\Program Files\Java\jdk1.8.0_202\jre\lib\rt.jar;D:\Develop\response\Demo\study\enjoy\weibo\target\classes;D:\Develop\apache-maven-3.8.5\response\com\squareup\okhttp3\okhttp\4.9.3\okhttp-4.9.3.jar;D:\Develop\apache-maven-3.8.5\response\com\squareup\okio\okio\2.8.0\okio-2.8.0.jar;D:\Develop\apache-maven-3.8.5\response\com\squareup\okhttp3\logging-interceptor\4.9.3\logging-interceptor-4.9.3.jar;D:\Develop\apache-maven-3.8.5\response\org\jetbrains\kotlin\kotlin-stdlib-jdk8\1.2.31\kotlin-stdlib-jdk8-1.2.31.jar;D:\Develop\apache-maven-3.8.5\response\org\jetbrains\kotlin\kotlin-stdlib-jdk7\1.2.31\kotlin-stdlib-jdk7-1.2.31.jar;D:\Develop\apache-maven-3.8.5\response\org\jsoup\jsoup\1.14.3\jsoup-1.
Launcher Type: SUN_STANDARD

Environment Variables:
PATH=C:\Program Files\NVIDIA GPU Computing Toolkit\CUDA\v12.4\bin;C:\Program Files\NVIDIA GPU Computing Toolkit\CUDA\v12.4\libnvvp;;D:\Program Files (x86)\VMware\VMware Workstation\bin\;C:\WINDOWS\system32;C:\WINDOWS;C:\WINDOWS\System32\Wbem;C:\WINDOWS\System32\WindowsPowerShell\v1.0\;C:\WINDOWS\System32\OpenSSH\;C:\Program Files\dotnet\;D:\Program Files\Git\cmd;D:\Program Files (x86)\NetSarang\Xmanager 7\;D:\Program Files (x86)\NetSarang\Xshell 7\;D:\Program Files (x86)\NetSarang\Xftp 7\;D:\Program Files (x86)\NetSarang\Xlpd 7\;C:\Program Files (x86)\PuTTY\;D:\Program Files\TortoiseGit\bin;C:\Program Files\NVIDIA Corporation\NVIDIA NvDLISR;C:\Program Files (x86)\NVIDIA Corporation\PhysX\Common;C:\Program Files\NVIDIA Corporation\Nsight Compute 2024.1.0\;C:\Users\nihaoa\AppData\Local\Programs\Python\Python310\Scripts\;C:\Users\nihaoa\AppData\Local\Programs\Python\Python310\;C:\Users\nihaoa\AppData\Local\Microsoft\WindowsApps;D:\Program Files\Bandizip\;C:\Users\nihaoa\AppData\Local\Programs\EmEditor
USERNAME=nihaoa
OS=Windows_NT
PROCESSOR_IDENTIFIER=AMD64 Family 25 Model 33 Stepping 2, AuthenticAMD



---------------  S Y S T E M  ---------------

OS: Windows 10.0 , 64 bit Build 22621 (10.0.22621.3958)

CPU:total 16 (initial active 16) (16 cores per cpu, 1 threads per core) family 25 model 33 stepping 2, cmov, cx8, fxsr, mmx, sse, sse2, sse3, ssse3, sse4.1, sse4.2, popcnt, avx, avx2, aes, clmul, erms, mmxext, 3dnowpref, lzcnt, sse4a, tsc, tscinvbit, tscinv, bmi1

Memory: 4k page, physical 50239416k(19897264k free), swap 57694072k(12273448k free)

vm_info: Java HotSpot(TM) 64-Bit Server VM (25.202-b08) for windows-amd64 JRE (1.8.0_202-b08), built on Dec 15 2018 19:54:30 by "java_re" with MS VC++ 10.0 (VS2010)

time: Tue Sep 10 15:09:54 2024
timezone: 中国标准时间
elapsed time: 1 seconds (0d 0h 0m 1s)

